<?xml version="1.0" encoding="UTF-8" ?>
<testsuite failures="2" time="353.212" errors="0" skipped="1" tests="30" name="TestSuite">
  <properties>
    <property name="java.runtime.name" value="Java(TM) SE Runtime Environment"/>
    <property name="sun.boot.library.path" value="C:\Program Files\Java\jdk1.7.0_45\jre\bin"/>
    <property name="java.vm.version" value="24.45-b08"/>
    <property name="java.vm.vendor" value="Oracle Corporation"/>
    <property name="java.vendor.url" value="http://java.oracle.com/"/>
    <property name="path.separator" value=";"/>
    <property name="java.vm.name" value="Java HotSpot(TM) 64-Bit Server VM"/>
    <property name="file.encoding.pkg" value="sun.io"/>
    <property name="user.script" value=""/>
    <property name="user.country" value="US"/>
    <property name="sun.java.launcher" value="SUN_STANDARD"/>
    <property name="sun.os.patch.level" value="Service Pack 1"/>
    <property name="java.vm.specification.name" value="Java Virtual Machine Specification"/>
    <property name="user.dir" value="C:\Users\rekhasu\workspace\CeilometerTestAutomationSuite"/>
    <property name="java.runtime.version" value="1.7.0_45-b18"/>
    <property name="java.awt.graphicsenv" value="sun.awt.Win32GraphicsEnvironment"/>
    <property name="basedir" value="C:\Users\rekhasu\workspace\CeilometerTestAutomationSuite"/>
    <property name="java.endorsed.dirs" value="C:\Program Files\Java\jdk1.7.0_45\jre\lib\endorsed"/>
    <property name="os.arch" value="amd64"/>
    <property name="surefire.real.class.path" value="C:\Users\rekhasu\workspace\CeilometerTestAutomationSuite\target\surefire\surefirebooter6209236665970850400.jar"/>
    <property name="java.io.tmpdir" value="C:\Users\rekhasu\AppData\Local\Temp\"/>
    <property name="line.separator" value="
"/>
    <property name="java.vm.specification.vendor" value="Oracle Corporation"/>
    <property name="user.variant" value=""/>
    <property name="os.name" value="Windows 7"/>
    <property name="sun.jnu.encoding" value="Cp1252"/>
    <property name="java.library.path" value="C:\Program Files\Java\jdk1.7.0_45\jre\bin;C:\Windows\Sun\Java\bin;C:\Windows\system32;C:\Windows;C:/Program Files (x86)/Java/jre7/bin/client;C:/Program Files (x86)/Java/jre7/bin;C:/Program Files (x86)/Java/jre7/lib/i386;C:\Program Files\RA2HP\;C:\Windows\system32;C:\Windows;C:\Windows\System32\Wbem;C:\Windows\System32\WindowsPowerShell\v1.0\;C:\Program Files\ActivIdentity\ActivClient\;C:\Program Files (x86)\ActivIdentity\ActivClient\;C:\Python27;C:\Program Files\Java\jdk1.7.0_45\bin;C:\Program Files (x86)\OpenSSH\bin;C:\Maven\apache-maven-3.2.1\bin;C:\Eclipse\eclipse;;."/>
    <property name="surefire.test.class.path" value="C:\Users\rekhasu\workspace\CeilometerTestAutomationSuite\target\test-classes;C:\Users\rekhasu\workspace\CeilometerTestAutomationSuite\target\classes;C:\Users\rekhasu\.m2\repository\org\testng\testng\6.8.7\testng-6.8.7.jar;C:\Users\rekhasu\.m2\repository\org\beanshell\bsh\2.0b4\bsh-2.0b4.jar;C:\Users\rekhasu\.m2\repository\com\beust\jcommander\1.27\jcommander-1.27.jar;C:\Users\rekhasu\.m2\repository\org\yaml\snakeyaml\1.12\snakeyaml-1.12.jar;C:\Users\rekhasu\.m2\repository\com\googlecode\json-simple\json-simple\1.1.1\json-simple-1.1.1.jar;C:\Users\rekhasu\.m2\repository\com\sun\jersey\jersey-client\1.18.1\jersey-client-1.18.1.jar;C:\Users\rekhasu\.m2\repository\com\sun\jersey\jersey-core\1.18.1\jersey-core-1.18.1.jar;C:\Users\rekhasu\.m2\repository\junit\junit\3.8.1\junit-3.8.1.jar;"/>
    <property name="java.specification.name" value="Java Platform API Specification"/>
    <property name="java.class.version" value="51.0"/>
    <property name="sun.management.compiler" value="HotSpot 64-Bit Tiered Compilers"/>
    <property name="os.version" value="6.1"/>
    <property name="user.home" value="C:\Users\rekhasu"/>
    <property name="user.timezone" value="Asia/Calcutta"/>
    <property name="java.awt.printerjob" value="sun.awt.windows.WPrinterJob"/>
    <property name="java.specification.version" value="1.7"/>
    <property name="file.encoding" value="Cp1252"/>
    <property name="user.name" value="rekhasu"/>
    <property name="java.class.path" value="C:\Users\rekhasu\workspace\CeilometerTestAutomationSuite\target\test-classes;C:\Users\rekhasu\workspace\CeilometerTestAutomationSuite\target\classes;C:\Users\rekhasu\.m2\repository\org\testng\testng\6.8.7\testng-6.8.7.jar;C:\Users\rekhasu\.m2\repository\org\beanshell\bsh\2.0b4\bsh-2.0b4.jar;C:\Users\rekhasu\.m2\repository\com\beust\jcommander\1.27\jcommander-1.27.jar;C:\Users\rekhasu\.m2\repository\org\yaml\snakeyaml\1.12\snakeyaml-1.12.jar;C:\Users\rekhasu\.m2\repository\com\googlecode\json-simple\json-simple\1.1.1\json-simple-1.1.1.jar;C:\Users\rekhasu\.m2\repository\com\sun\jersey\jersey-client\1.18.1\jersey-client-1.18.1.jar;C:\Users\rekhasu\.m2\repository\com\sun\jersey\jersey-core\1.18.1\jersey-core-1.18.1.jar;C:\Users\rekhasu\.m2\repository\junit\junit\3.8.1\junit-3.8.1.jar;"/>
    <property name="java.vm.specification.version" value="1.7"/>
    <property name="sun.arch.data.model" value="64"/>
    <property name="java.home" value="C:\Program Files\Java\jdk1.7.0_45\jre"/>
    <property name="sun.java.command" value="C:\Users\rekhasu\workspace\CeilometerTestAutomationSuite\target\surefire\surefirebooter6209236665970850400.jar C:\Users\rekhasu\workspace\CeilometerTestAutomationSuite\target\surefire\surefire5069084660250651225tmp C:\Users\rekhasu\workspace\CeilometerTestAutomationSuite\target\surefire\surefire7661329738786621597tmp"/>
    <property name="java.specification.vendor" value="Oracle Corporation"/>
    <property name="user.language" value="en"/>
    <property name="awt.toolkit" value="sun.awt.windows.WToolkit"/>
    <property name="java.vm.info" value="mixed mode"/>
    <property name="java.version" value="1.7.0_45"/>
    <property name="java.ext.dirs" value="C:\Program Files\Java\jdk1.7.0_45\jre\lib\ext;C:\Windows\Sun\Java\lib\ext"/>
    <property name="sun.boot.class.path" value="C:\Program Files\Java\jdk1.7.0_45\jre\lib\resources.jar;C:\Program Files\Java\jdk1.7.0_45\jre\lib\rt.jar;C:\Program Files\Java\jdk1.7.0_45\jre\lib\sunrsasign.jar;C:\Program Files\Java\jdk1.7.0_45\jre\lib\jsse.jar;C:\Program Files\Java\jdk1.7.0_45\jre\lib\jce.jar;C:\Program Files\Java\jdk1.7.0_45\jre\lib\charsets.jar;C:\Program Files\Java\jdk1.7.0_45\jre\lib\jfr.jar;C:\Program Files\Java\jdk1.7.0_45\jre\classes"/>
    <property name="java.vendor" value="Oracle Corporation"/>
    <property name="localRepository" value="C:\Users\rekhasu\.m2\repository"/>
    <property name="file.separator" value="\"/>
    <property name="java.vendor.url.bug" value="http://bugreport.sun.com/bugreport/"/>
    <property name="sun.cpu.endian" value="little"/>
    <property name="sun.io.unicode.encoding" value="UnicodeLittle"/>
    <property name="sun.desktop" value="windows"/>
    <property name="sun.cpu.isalist" value="amd64"/>
  </properties>
  <testcase time="13.71" classname="org.ceilometer.CeilometerTestAutomationSuite.FilterQueryByUserIDTest" name="userIdFilterQueryResponseAssertionTest"/>
  <testcase time="9.369" classname="org.ceilometer.CeilometerTestAutomationSuite.FilterQueryByUserIDTest" name="userIdFilterQueryResponseAllJSONfieldsExist"/>
  <testcase time="7.453" classname="org.ceilometer.CeilometerTestAutomationSuite.FilterQueryByUserIDTest" name="userIdFilterQueryVerifyuserIdValue"/>
  <testcase time="9.082" classname="org.ceilometer.CeilometerTestAutomationSuite.FilterQueryProjectIDTest" name="projectIdFilterQueryTestResponseAssertionTest"/>
  <testcase time="8.617" classname="org.ceilometer.CeilometerTestAutomationSuite.FilterQueryProjectIDTest" name="projectIdFilterQueryResponseAllJSONfieldsExist"/>
  <testcase time="8.504" classname="org.ceilometer.CeilometerTestAutomationSuite.FilterQueryProjectIDTest" name="projectIdFilterQueryVerifyProjectIdValue"/>
  <testcase time="10.679" classname="org.ceilometer.CeilometerTestAutomationSuite.MeterListFilterQuerybyServiceIDTest1" name="serviceIdFilterQueryResponseAllJSONfieldsExist"/>
  <testcase time="8.696" classname="org.ceilometer.CeilometerTestAutomationSuite.MeterListFilterQuerybyServiceIDTest1" name="serviceIdFilterQueryResponseAssertionTest"/>
  <testcase time="8.841" classname="org.ceilometer.CeilometerTestAutomationSuite.MeterListFilterQuerybyServiceIDTest1" name="serviceIdFilterQueryResponseVerifyserviceIdValue"/>
  <testcase time="6.988" classname="org.ceilometer.CeilometerTestAutomationSuite.MeterListFilterQueryByTimestamp_EQ_Test" name="timeStampFilterEqualsToQueryResponseAssertion">
    <failure message="expected:&lt;400&gt; but was:&lt;200&gt;" type="junit.framework.AssertionFailedError">junit.framework.AssertionFailedError: expected:&lt;400&gt; but was:&lt;200&gt;
	at junit.framework.Assert.fail(Assert.java:50)
	at junit.framework.Assert.failNotEquals(Assert.java:287)
	at junit.framework.Assert.assertEquals(Assert.java:67)
	at junit.framework.Assert.assertEquals(Assert.java:199)
	at junit.framework.Assert.assertEquals(Assert.java:205)
	at org.ceilometer.CeilometerTestAutomationSuite.MeterListFilterQueryByTimestamp_EQ_Test.timeStampFilterEqualsToQueryResponseAssertion(MeterListFilterQueryByTimestamp_EQ_Test.java:68)
</failure>
  </testcase>
  <testcase time="6.991" classname="org.ceilometer.CeilometerTestAutomationSuite.MeterListFilterQueryByTimestamp_EQ_Test" name="timeStampFilterEqualsToQueryResponseAllJSONfieldsExist">
    <skipped/>
  </testcase>
  <testcase time="23.523" classname="org.ceilometer.CeilometerTestAutomationSuite.MeterListFilterQueryByTimestamp_GE_Test" name="timeStampFilterGreaterThanOrEqualToQueryResponseAllJSONfieldsExist"/>
  <testcase time="15.361" classname="org.ceilometer.CeilometerTestAutomationSuite.MeterListFilterQueryByTimestamp_GE_Test" name="timeStampFilterGreaterThanOrEqualToQueryResponseAssertion"/>
  <testcase time="36.107" classname="org.ceilometer.CeilometerTestAutomationSuite.MeterListFilterQueryByTimestamp_GT_Test" name="timeStampFilterGreaterThanQueryResponseAllJSONfieldsExist"/>
  <testcase time="16.862" classname="org.ceilometer.CeilometerTestAutomationSuite.MeterListFilterQueryByTimestamp_GT_Test" name="timeStampFilterGreaterThanQueryResponseAssertion"/>
  <testcase time="20.908" classname="org.ceilometer.CeilometerTestAutomationSuite.MeterListFilterQueryByTimestamp_LE_Test" name="timeStampFilterLessThanOrEqualToQueryResponseAllJSONfieldsExist"/>
  <testcase time="18.303" classname="org.ceilometer.CeilometerTestAutomationSuite.MeterListFilterQueryByTimestamp_LE_Test" name="timeStampFilterLessThanOrEqualToQueryResponseAssertion"/>
  <testcase time="18.773" classname="org.ceilometer.CeilometerTestAutomationSuite.MeterListFilterQueryByTimestamp_LT_Test" name="timeStampFilterLessThanQueryResponseAllJSONfieldsExist"/>
  <testcase time="15.529" classname="org.ceilometer.CeilometerTestAutomationSuite.MeterListFilterQueryByTimestamp_LT_Test" name="timeStampFilterLessThanQueryResponseAssertion"/>
  <testcase time="1.566" classname="org.ceilometer.CeilometerTestAutomationSuite.MeterListFilterWithFieldsTest" name="meterListResponseJSONObjectsExist"/>
  <testcase time="0.905" classname="org.ceilometer.CeilometerTestAutomationSuite.MeterListFilterWithFieldsTest" name="validateMeterListResponseJSONFields"/>
  <testcase time="8.284" classname="org.ceilometer.CeilometerTestAutomationSuite.MeterListFilterWithFieldsTest" name="verifyMeterListFilterWithMeterIdAllJSONFieldsExist"/>
  <testcase time="13.094" classname="org.ceilometer.CeilometerTestAutomationSuite.MeterListFilterWithFieldsTest" name="verifyMeterListFilterWithMeterIdResponseCode"/>
  <testcase time="1.328" classname="org.ceilometer.CeilometerTestAutomationSuite.MeterListTest" name="invalidTokenGetMetersResponseCode"/>
  <testcase time="2.311" classname="org.ceilometer.CeilometerTestAutomationSuite.MeterListTest" name="verifyGetMetersResponseCode"/>
  <testcase time="2.187" classname="org.ceilometer.CeilometerTestAutomationSuite.MeterListValidatorTest" name="meterListResponseJSONObjectsExist"/>
  <testcase time="1.008" classname="org.ceilometer.CeilometerTestAutomationSuite.MeterListValidatorTest" name="validateMeterListResponseJSONFields"/>
  <testcase time="9.477" classname="org.ceilometer.CeilometerTestAutomationSuite.MeterListWithMeterNameTest" name="meterListWithMeterNameResponseAssertionTest"/>
  <testcase time="9.317" classname="org.ceilometer.CeilometerTestAutomationSuite.MeterListWithMeterNameTest" name="meterListWithMeterNameAllJSONFieldsExistTest"/>
  <testcase time="8.93" classname="org.ceilometer.CeilometerTestAutomationSuite.MeterListWithMeterNameTest" name="meterListWithMeterNameVerifyMeterNameTest">
    <failure type="junit.framework.AssertionFailedError">junit.framework.AssertionFailedError
	at junit.framework.Assert.fail(Assert.java:48)
	at junit.framework.Assert.assertTrue(Assert.java:20)
	at junit.framework.Assert.assertTrue(Assert.java:27)
	at org.ceilometer.CeilometerTestAutomationSuite.MeterListWithMeterNameTest.meterListWithMeterNameVerifyMeterNameTest(MeterListWithMeterNameTest.java:99)
</failure>
    <system-out>[{counter_name=instance:standard.large, user_id=10377784155861, resource_id=, timestamp=2013-11-13T12:00:00, resource_metadata={service=COMP}, source=1:1, counter_unit=h, counter_volume=20.0, project_id=10335348806483, message_id=, counter_type=gauge}, {counter_name=instance:standard.large, user_id=10377784155861, resource_id=, timestamp=2013-11-14T12:00:00, resource_metadata={service=COMP}, source=1:1, counter_unit=h, counter_volume=24.0, project_id=10335348806483, message_id=, counter_type=gauge}, {counter_name=instance:standard.large, user_id=10377784155861, resource_id=, timestamp=2013-11-15T12:00:00, resource_metadata={service=COMP}, source=1:1, counter_unit=h, counter_volume=24.0, project_id=10335348806483, message_id=, counter_type=gauge}, {counter_name=instance:standard.large, user_id=10377784155861, resource_id=, timestamp=2013-11-26T12:00:00, resource_metadata={service=COMP}, source=1:1, counter_unit=h, counter_volume=9.0, project_id=10335348806483, message_id=, counter_type=gauge}, {counter_name=instance:standard.large, user_id=10377784155861, resource_id=, timestamp=2013-11-27T12:00:00, resource_metadata={service=COMP}, source=1:1, counter_unit=h, counter_volume=4.0, project_id=10335348806483, message_id=, counter_type=gauge}, {counter_name=instance:standard.large, user_id=10377784155861, resource_id=, timestamp=2013-12-04T12:00:00, resource_metadata={service=COMP}, source=1:1, counter_unit=h, counter_volume=10.0, project_id=10335348806483, message_id=, counter_type=gauge}, {counter_name=instance:standard.large, user_id=10377784155861, resource_id=, timestamp=2013-12-05T12:00:00, resource_metadata={service=COMP}, source=1:1, counter_unit=h, counter_volume=24.0, project_id=10335348806483, message_id=, counter_type=gauge}, {counter_name=instance:standard.large, user_id=10377784155861, resource_id=, timestamp=2013-12-06T12:00:00, resource_metadata={service=COMP}, source=1:1, counter_unit=h, counter_volume=24.0, project_id=10335348806483, message_id=, counter_type=gauge}, {counter_name=instance:standard.large, user_id=10377784155861, resource_id=, timestamp=2013-12-07T12:00:00, resource_metadata={service=COMP}, source=1:1, counter_unit=h, counter_volume=24.0, project_id=10335348806483, message_id=, counter_type=gauge}, {counter_name=instance:standard.large, user_id=10377784155861, resource_id=, timestamp=2013-12-08T12:00:00, resource_metadata={service=COMP}, source=1:1, counter_unit=h, counter_volume=24.0, project_id=10335348806483, message_id=, counter_type=gauge}, {counter_name=instance:standard.large, user_id=10377784155861, resource_id=, timestamp=2013-12-09T12:00:00, resource_metadata={service=COMP}, source=1:1, counter_unit=h, counter_volume=24.0, project_id=10335348806483, message_id=, counter_type=gauge}, {counter_name=instance:standard.large, user_id=10377784155861, resource_id=, timestamp=2013-12-10T12:00:00, resource_metadata={service=COMP}, source=1:1, counter_unit=h, counter_volume=24.0, project_id=10335348806483, message_id=, counter_type=gauge}, {counter_name=instance:standard.large, user_id=10377784155861, resource_id=, timestamp=2013-12-11T12:00:00, resource_metadata={service=COMP}, source=1:1, counter_unit=h, counter_volume=8.0, project_id=10335348806483, message_id=, counter_type=gauge}, {counter_name=instance:standard.large, user_id=10377784155861, resource_id=, timestamp=2013-12-15T12:00:00, resource_metadata={service=COMP}, source=1:1, counter_unit=h, counter_volume=1.0, project_id=10335348806483, message_id=, counter_type=gauge}, {counter_name=instance:standard.large, user_id=10377784155861, resource_id=, timestamp=2013-12-16T12:00:00, resource_metadata={service=COMP}, source=1:1, counter_unit=h, counter_volume=12.0, project_id=10335348806483, message_id=, counter_type=gauge}, {counter_name=instance:standard.large, user_id=10377784155861, resource_id=, timestamp=2013-12-17T12:00:00, resource_metadata={service=COMP}, source=1:1, counter_unit=h, counter_volume=13.0, project_id=10335348806483, message_id=, counter_type=gauge}, {counter_name=instance:standard.large, user_id=10377784155861, resource_id=, timestamp=2013-12-18T12:00:00, resource_metadata={service=COMP}, source=1:1, counter_unit=h, counter_volume=12.0, project_id=10335348806483, message_id=, counter_type=gauge}, {counter_name=instance:standard.large, user_id=10377784155861, resource_id=, timestamp=2013-12-19T12:00:00, resource_metadata={service=COMP}, source=1:1, counter_unit=h, counter_volume=15.0, project_id=10335348806483, message_id=, counter_type=gauge}, {counter_name=instance:standard.large, user_id=10377784155861, resource_id=, timestamp=2013-12-20T12:00:00, resource_metadata={service=COMP}, source=1:1, counter_unit=h, counter_volume=19.0, project_id=10335348806483, message_id=, counter_type=gauge}, {counter_name=instance:standard.large, user_id=10377784155861, resource_id=, timestamp=2013-12-21T12:00:00, resource_metadata={service=COMP}, source=1:1, counter_unit=h, counter_volume=18.0, project_id=10335348806483, message_id=, counter_type=gauge}, {counter_name=instance:standard.large, user_id=10377784155861, resource_id=, timestamp=2013-12-22T12:00:00, resource_metadata={service=COMP}, source=1:1, counter_unit=h, counter_volume=7.0, project_id=10335348806483, message_id=, counter_type=gauge}, {counter_name=instance:standard.large, user_id=10377784155861, resource_id=, timestamp=2013-12-23T12:00:00, resource_metadata={service=COMP}, source=1:1, counter_unit=h, counter_volume=9.0, project_id=10335348806483, message_id=, counter_type=gauge}, {counter_name=instance:standard.large, user_id=10377784155861, resource_id=, timestamp=2013-12-24T12:00:00, resource_metadata={service=COMP}, source=1:1, counter_unit=h, counter_volume=19.0, project_id=10335348806483, message_id=, counter_type=gauge}, {counter_name=instance:standard.large, user_id=10377784155861, resource_id=, timestamp=2013-12-25T12:00:00, resource_metadata={service=COMP}, source=1:1, counter_unit=h, counter_volume=9.0, project_id=10335348806483, message_id=, counter_type=gauge}, {counter_name=instance:standard.large, user_id=10377784155861, resource_id=, timestamp=2014-01-10T12:00:00, resource_metadata={service=COMP}, source=1:1, counter_unit=h, counter_volume=8.0, project_id=10335348806483, message_id=, counter_type=gauge}, {counter_name=instance:standard.large, user_id=10377784155861, resource_id=, timestamp=2014-01-11T12:00:00, resource_metadata={service=COMP}, source=1:1, counter_unit=h, counter_volume=24.0, project_id=10335348806483, message_id=, counter_type=gauge}, {counter_name=instance:standard.large, user_id=10377784155861, resource_id=, timestamp=2014-01-12T12:00:00, resource_metadata={service=COMP}, source=1:1, counter_unit=h, counter_volume=24.0, project_id=10335348806483, message_id=, counter_type=gauge}, {counter_name=instance:standard.large, user_id=10377784155861, resource_id=, timestamp=2014-01-13T12:00:00, resource_metadata={service=COMP}, source=1:1, counter_unit=h, counter_volume=24.0, project_id=10335348806483, message_id=, counter_type=gauge}, {counter_name=instance:standard.large, user_id=10377784155861, resource_id=, timestamp=2014-01-14T12:00:00, resource_metadata={service=COMP}, source=1:1, counter_unit=h, counter_volume=24.0, project_id=10335348806483, message_id=, counter_type=gauge}, {counter_name=instance:standard.large, user_id=10377784155861, resource_id=, timestamp=2014-01-15T12:00:00, resource_metadata={service=COMP}, source=1:1, counter_unit=h, counter_volume=24.0, project_id=10335348806483, message_id=, counter_type=gauge}, {counter_name=instance:standard.large, user_id=10377784155861, resource_id=, timestamp=2014-01-16T12:00:00, resource_metadata={service=COMP}, source=1:1, counter_unit=h, counter_volume=24.0, project_id=10335348806483, message_id=, counter_type=gauge}, {counter_name=instance:standard.large, user_id=10377784155861, resource_id=, timestamp=2014-01-17T12:00:00, resource_metadata={service=COMP}, source=1:1, counter_unit=h, counter_volume=24.0, project_id=10335348806483, message_id=, counter_type=gauge}, {counter_name=instance:standard.large, user_id=10377784155861, resource_id=, timestamp=2014-01-18T12:00:00, resource_metadata={service=COMP}, source=1:1, counter_unit=h, counter_volume=18.0, project_id=10335348806483, message_id=, counter_type=gauge}, {counter_name=instance:standard.large, user_id=10377784155861, resource_id=, timestamp=2014-01-19T12:00:00, resource_metadata={service=COMP}, source=1:1, counter_unit=h, counter_volume=24.0, project_id=10335348806483, message_id=, counter_type=gauge}, {counter_name=instance:standard.large, user_id=10377784155861, resource_id=, timestamp=2014-01-20T12:00:00, resource_metadata={service=COMP}, source=1:1, counter_unit=h, counter_volume=24.0, project_id=10335348806483, message_id=, counter_type=gauge}, {counter_name=instance:standard.large, user_id=10377784155861, resource_id=, timestamp=2014-01-21T12:00:00, resource_metadata={service=COMP}, source=1:1, counter_unit=h, counter_volume=24.0, project_id=10335348806483, message_id=, counter_type=gauge}, {counter_name=instance:standard.large, user_id=10377784155861, resource_id=, timestamp=2014-01-22T12:00:00, resource_metadata={service=COMP}, source=1:1, counter_unit=h, counter_volume=24.0, project_id=10335348806483, message_id=, counter_type=gauge}, {counter_name=instance:standard.large, user_id=10377784155861, resource_id=, timestamp=2014-01-23T12:00:00, resource_metadata={service=COMP}, source=1:1, counter_unit=h, counter_volume=24.0, project_id=10335348806483, message_id=, counter_type=gauge}, {counter_name=instance:standard.large, user_id=10377784155861, resource_id=, timestamp=2014-01-24T12:00:00, resource_metadata={service=COMP}, source=1:1, counter_unit=h, counter_volume=24.0, project_id=10335348806483, message_id=, counter_type=gauge}, {counter_name=instance:standard.large, user_id=10377784155861, resource_id=, timestamp=2014-01-25T12:00:00, resource_metadata={service=COMP}, source=1:1, counter_unit=h, counter_volume=24.0, project_id=10335348806483, message_id=, counter_type=gauge}, {counter_name=instance:standard.large, user_id=10377784155861, resource_id=, timestamp=2014-01-26T12:00:00, resource_metadata={service=COMP}, source=1:1, counter_unit=h, counter_volume=24.0, project_id=10335348806483, message_id=, counter_type=gauge}, {counter_name=instance:standard.large, user_id=10377784155861, resource_id=, timestamp=2014-01-27T12:00:00, resource_metadata={service=COMP}, source=1:1, counter_unit=h, counter_volume=24.0, project_id=10335348806483, message_id=, counter_type=gauge}, {counter_name=instance:standard.large, user_id=10377784155861, resource_id=, timestamp=2014-01-28T12:00:00, resource_metadata={service=COMP}, source=1:1, counter_unit=h, counter_volume=24.0, project_id=10335348806483, message_id=, counter_type=gauge}, {counter_name=instance:standard.large, user_id=10377784155861, resource_id=, timestamp=2014-01-29T12:00:00, resource_metadata={service=COMP}, source=1:1, counter_unit=h, counter_volume=24.0, project_id=10335348806483, message_id=, counter_type=gauge}, {counter_name=instance:standard.large, user_id=10377784155861, resource_id=, timestamp=2014-01-30T12:00:00, resource_metadata={service=COMP}, source=1:1, counter_unit=h, counter_volume=24.0, project_id=10335348806483, message_id=, counter_type=gauge}, {counter_name=instance:standard.large, user_id=10377784155861, resource_id=, timestamp=2014-01-31T12:00:00, resource_metadata={service=COMP}, source=1:1, counter_unit=h, counter_volume=24.0, project_id=10335348806483, message_id=, counter_type=gauge}, {counter_name=instance:standard.large, user_id=10377784155861, resource_id=, timestamp=2014-02-01T12:00:00, resource_metadata={service=COMP}, source=1:1, counter_unit=h, counter_volume=24.0, project_id=10335348806483, message_id=, counter_type=gauge}, {counter_name=instance:standard.large, user_id=10377784155861, resource_id=, timestamp=2014-02-02T12:00:00, resource_metadata={service=COMP}, source=1:1, counter_unit=h, counter_volume=24.0, project_id=10335348806483, message_id=, counter_type=gauge}, {counter_name=instance:standard.large, user_id=10377784155861, resource_id=, timestamp=2014-02-03T12:00:00, resource_metadata={service=COMP}, source=1:1, counter_unit=h, counter_volume=24.0, project_id=10335348806483, message_id=, counter_type=gauge}, {counter_name=instance:standard.large, user_id=10377784155861, resource_id=, timestamp=2014-02-04T12:00:00, resource_metadata={service=COMP}, source=1:1, counter_unit=h, counter_volume=24.0, project_id=10335348806483, message_id=, counter_type=gauge}, {counter_name=instance:standard.large, user_id=10377784155861, resource_id=, timestamp=2014-02-05T12:00:00, resource_metadata={service=COMP}, source=1:1, counter_unit=h, counter_volume=24.0, project_id=10335348806483, message_id=, counter_type=gauge}, {counter_name=instance:standard.large, user_id=10377784155861, resource_id=, timestamp=2014-02-06T12:00:00, resource_metadata={service=COMP}, source=1:1, counter_unit=h, counter_volume=24.0, project_id=10335348806483, message_id=, counter_type=gauge}, {counter_name=instance:standard.large, user_id=10377784155861, resource_id=, timestamp=2014-02-07T12:00:00, resource_metadata={service=COMP}, source=1:1, counter_unit=h, counter_volume=24.0, project_id=10335348806483, message_id=, counter_type=gauge}, {counter_name=instance:standard.large, user_id=10377784155861, resource_id=, timestamp=2014-02-08T12:00:00, resource_metadata={service=COMP}, source=1:1, counter_unit=h, counter_volume=24.0, project_id=10335348806483, message_id=, counter_type=gauge}, {counter_name=instance:standard.large, user_id=10377784155861, resource_id=, timestamp=2014-02-09T12:00:00, resource_metadata={service=COMP}, source=1:1, counter_unit=h, counter_volume=24.0, project_id=10335348806483, message_id=, counter_type=gauge}, {counter_name=instance:standard.large, user_id=10377784155861, resource_id=, timestamp=2014-02-10T12:00:00, resource_metadata={service=COMP}, source=1:1, counter_unit=h, counter_volume=24.0, project_id=10335348806483, message_id=, counter_type=gauge}, {counter_name=instance:standard.large, user_id=10377784155861, resource_id=, timestamp=2014-02-11T12:00:00, resource_metadata={service=COMP}, source=1:1, counter_unit=h, counter_volume=24.0, project_id=10335348806483, message_id=, counter_type=gauge}, {counter_name=instance:standard.large, user_id=10377784155861, resource_id=, timestamp=2014-02-12T12:00:00, resource_metadata={service=COMP}, source=1:1, counter_unit=h, counter_volume=24.0, project_id=10335348806483, message_id=, counter_type=gauge}, {counter_name=instance:standard.large, user_id=10377784155861, resource_id=, timestamp=2014-02-13T12:00:00, resource_metadata={service=COMP}, source=1:1, counter_unit=h, counter_volume=24.0, project_id=10335348806483, message_id=, counter_type=gauge}, {counter_name=instance:standard.large, user_id=10377784155861, resource_id=, timestamp=2014-02-14T12:00:00, resource_metadata={service=COMP}, source=1:1, counter_unit=h, counter_volume=24.0, project_id=10335348806483, message_id=, counter_type=gauge}, {counter_name=instance:standard.large, user_id=10377784155861, resource_id=, timestamp=2014-02-15T12:00:00, resource_metadata={service=COMP}, source=1:1, counter_unit=h, counter_volume=24.0, project_id=10335348806483, message_id=, counter_type=gauge}, {counter_name=instance:standard.large, user_id=10377784155861, resource_id=, timestamp=2014-02-16T12:00:00, resource_metadata={service=COMP}, source=1:1, counter_unit=h, counter_volume=24.0, project_id=10335348806483, message_id=, counter_type=gauge}, {counter_name=instance:standard.large, user_id=10377784155861, resource_id=, timestamp=2014-02-17T12:00:00, resource_metadata={service=COMP}, source=1:1, counter_unit=h, counter_volume=24.0, project_id=10335348806483, message_id=, counter_type=gauge}, {counter_name=instance:standard.large, user_id=10377784155861, resource_id=, timestamp=2014-02-18T12:00:00, resource_metadata={service=COMP}, source=1:1, counter_unit=h, counter_volume=24.0, project_id=10335348806483, message_id=, counter_type=gauge}, {counter_name=instance:standard.large, user_id=10377784155861, resource_id=, timestamp=2014-02-19T12:00:00, resource_metadata={service=COMP}, source=1:1, counter_unit=h, counter_volume=24.0, project_id=10335348806483, message_id=, counter_type=gauge}, {counter_name=instance:standard.large, user_id=10377784155861, resource_id=, timestamp=2014-02-20T12:00:00, resource_metadata={service=COMP}, source=1:1, counter_unit=h, counter_volume=24.0, project_id=10335348806483, message_id=, counter_type=gauge}, {counter_name=instance:standard.large, user_id=10377784155861, resource_id=, timestamp=2014-02-21T12:00:00, resource_metadata={service=COMP}, source=1:1, counter_unit=h, counter_volume=24.0, project_id=10335348806483, message_id=, counter_type=gauge}, {counter_name=instance:standard.large, user_id=10377784155861, resource_id=, timestamp=2014-02-22T12:00:00, resource_metadata={service=COMP}, source=1:1, counter_unit=h, counter_volume=24.0, project_id=10335348806483, message_id=, counter_type=gauge}, {counter_name=instance:standard.large, user_id=10377784155861, resource_id=, timestamp=2014-02-23T12:00:00, resource_metadata={service=COMP}, source=1:1, counter_unit=h, counter_volume=24.0, project_id=10335348806483, message_id=, counter_type=gauge}, {counter_name=instance:standard.large, user_id=10377784155861, resource_id=, timestamp=2014-02-24T12:00:00, resource_metadata={service=COMP}, source=1:1, counter_unit=h, counter_volume=24.0, project_id=10335348806483, message_id=, counter_type=gauge}, {counter_name=instance:standard.large, user_id=10377784155861, resource_id=, timestamp=2014-02-25T12:00:00, resource_metadata={service=COMP}, source=1:1, counter_unit=h, counter_volume=24.0, project_id=10335348806483, message_id=, counter_type=gauge}, {counter_name=instance:standard.large, user_id=10377784155861, resource_id=, timestamp=2014-02-26T12:00:00, resource_metadata={service=COMP}, source=1:1, counter_unit=h, counter_volume=24.0, project_id=10335348806483, message_id=, counter_type=gauge}, {counter_name=instance:standard.large, user_id=10377784155861, resource_id=, timestamp=2014-02-27T12:00:00, resource_metadata={service=COMP}, source=1:1, counter_unit=h, counter_volume=24.0, project_id=10335348806483, message_id=, counter_type=gauge}, {counter_name=instance:standard.large, user_id=10377784155861, resource_id=, timestamp=2014-02-28T12:00:00, resource_metadata={service=COMP}, source=1:1, counter_unit=h, counter_volume=24.0, project_id=10335348806483, message_id=, counter_type=gauge}, {counter_name=instance:standard.large, user_id=10377784155861, resource_id=, timestamp=2014-03-01T12:00:00, resource_metadata={service=COMP}, source=1:1, counter_unit=h, counter_volume=24.0, project_id=10335348806483, message_id=, counter_type=gauge}, {counter_name=instance:standard.large, user_id=10377784155861, resource_id=, timestamp=2014-03-02T12:00:00, resource_metadata={service=COMP}, source=1:1, counter_unit=h, counter_volume=24.0, project_id=10335348806483, message_id=, counter_type=gauge}, {counter_name=instance:standard.large, user_id=10377784155861, resource_id=, timestamp=2014-03-03T12:00:00, resource_metadata={service=COMP}, source=1:1, counter_unit=h, counter_volume=24.0, project_id=10335348806483, message_id=, counter_type=gauge}, {counter_name=instance:standard.large, user_id=10377784155861, resource_id=, timestamp=2014-03-04T12:00:00, resource_metadata={service=COMP}, source=1:1, counter_unit=h, counter_volume=24.0, project_id=10335348806483, message_id=, counter_type=gauge}, {counter_name=instance:standard.large, user_id=10377784155861, resource_id=, timestamp=2014-03-05T12:00:00, resource_metadata={service=COMP}, source=1:1, counter_unit=h, counter_volume=14.0, project_id=10335348806483, message_id=, counter_type=gauge}]
[{counter_name=image.size, user_id=10377784155861, resource_id=, timestamp=2013-11-11T12:00:00, resource_metadata={service=BS}, source=1:1, counter_unit=GB, counter_volume=1.18056, project_id=10335348806483, message_id=, counter_type=gauge}, {counter_name=image.size, user_id=10377784155861, resource_id=, timestamp=2013-11-12T12:00:00, resource_metadata={service=BS}, source=1:1, counter_unit=GB, counter_volume=1.66667, project_id=10335348806483, message_id=, counter_type=gauge}, {counter_name=image.size, user_id=10377784155861, resource_id=, timestamp=2013-11-13T12:00:00, resource_metadata={service=BS}, source=1:1, counter_unit=GB, counter_volume=3.86111, project_id=10335348806483, message_id=, counter_type=gauge}, {counter_name=image.size, user_id=10377784155861, resource_id=, timestamp=2013-11-14T12:00:00, resource_metadata={service=BS}, source=1:1, counter_unit=GB, counter_volume=4.33333, project_id=10335348806483, message_id=, counter_type=gauge}, {counter_name=image.size, user_id=10377784155861, resource_id=, timestamp=2013-11-15T12:00:00, resource_metadata={service=BS}, source=1:1, counter_unit=GB, counter_volume=2.52778, project_id=10335348806483, message_id=, counter_type=gauge}, {counter_name=image.size, user_id=10377784155861, resource_id=, timestamp=2013-11-26T12:00:00, resource_metadata={service=BS}, source=1:1, counter_unit=GB, counter_volume=0.541667, project_id=10335348806483, message_id=, counter_type=gauge}, {counter_name=image.size, user_id=10377784155861, resource_id=, timestamp=2013-11-27T12:00:00, resource_metadata={service=BS}, source=1:1, counter_unit=GB, counter_volume=4.33333, project_id=10335348806483, message_id=, counter_type=gauge}, {counter_name=image.size, user_id=10377784155861, resource_id=, timestamp=2013-11-28T12:00:00, resource_metadata={service=BS}, source=1:1, counter_unit=GB, counter_volume=1.625, project_id=10335348806483, message_id=, counter_type=gauge}, {counter_name=image.size, user_id=10377784155861, resource_id=, timestamp=2013-12-04T12:00:00, resource_metadata={service=BS}, source=1:1, counter_unit=GB, counter_volume=1.04839, project_id=10335348806483, message_id=, counter_type=gauge}, {counter_name=image.size, user_id=10377784155861, resource_id=, timestamp=2013-12-05T12:00:00, resource_metadata={service=BS}, source=1:1, counter_unit=GB, counter_volume=3.99194, project_id=10335348806483, message_id=, counter_type=gauge}, {counter_name=image.size, user_id=10377784155861, resource_id=, timestamp=2013-12-06T12:00:00, resource_metadata={service=BS}, source=1:1, counter_unit=GB, counter_volume=4.19355, project_id=10335348806483, message_id=, counter_type=gauge}, {counter_name=image.size, user_id=10377784155861, resource_id=, timestamp=2013-12-07T12:00:00, resource_metadata={service=BS}, source=1:1, counter_unit=GB, counter_volume=4.19355, project_id=10335348806483, message_id=, counter_type=gauge}, {counter_name=image.size, user_id=10377784155861, resource_id=, timestamp=2013-12-08T12:00:00, resource_metadata={service=BS}, source=1:1, counter_unit=GB, counter_volume=4.19355, project_id=10335348806483, message_id=, counter_type=gauge}, {counter_name=image.size, user_id=10377784155861, resource_id=, timestamp=2013-12-09T12:00:00, resource_metadata={service=BS}, source=1:1, counter_unit=GB, counter_volume=4.19355, project_id=10335348806483, message_id=, counter_type=gauge}, {counter_name=image.size, user_id=10377784155861, resource_id=, timestamp=2013-12-10T12:00:00, resource_metadata={service=BS}, source=1:1, counter_unit=GB, counter_volume=4.19355, project_id=10335348806483, message_id=, counter_type=gauge}, {counter_name=image.size, user_id=10377784155861, resource_id=, timestamp=2013-12-11T12:00:00, resource_metadata={service=BS}, source=1:1, counter_unit=GB, counter_volume=2.09677, project_id=10335348806483, message_id=, counter_type=gauge}, {counter_name=image.size, user_id=10377784155861, resource_id=, timestamp=2013-12-14T12:00:00, resource_metadata={service=BS}, source=1:1, counter_unit=GB, counter_volume=0.16129, project_id=10335348806483, message_id=, counter_type=gauge}, {counter_name=image.size, user_id=10377784155861, resource_id=, timestamp=2013-12-16T12:00:00, resource_metadata={service=BS}, source=1:1, counter_unit=GB, counter_volume=2.62097, project_id=10335348806483, message_id=, counter_type=gauge}, {counter_name=image.size, user_id=10377784155861, resource_id=, timestamp=2013-12-17T12:00:00, resource_metadata={service=BS}, source=1:1, counter_unit=GB, counter_volume=2.09677, project_id=10335348806483, message_id=, counter_type=gauge}, {counter_name=image.size, user_id=10377784155861, resource_id=, timestamp=2013-12-18T12:00:00, resource_metadata={service=BS}, source=1:1, counter_unit=GB, counter_volume=0.524194, project_id=10335348806483, message_id=, counter_type=gauge}, {counter_name=image.size, user_id=10377784155861, resource_id=, timestamp=2013-12-19T12:00:00, resource_metadata={service=BS}, source=1:1, counter_unit=GB, counter_volume=4.15323, project_id=10335348806483, message_id=, counter_type=gauge}, {counter_name=image.size, user_id=10377784155861, resource_id=, timestamp=2013-12-20T12:00:00, resource_metadata={service=BS}, source=1:1, counter_unit=GB, counter_volume=3.57527, project_id=10335348806483, message_id=, counter_type=gauge}, {counter_name=image.size, user_id=10377784155861, resource_id=, timestamp=2013-12-21T12:00:00, resource_metadata={service=BS}, source=1:1, counter_unit=GB, counter_volume=3.10484, project_id=10335348806483, message_id=, counter_type=gauge}, {counter_name=image.size, user_id=10377784155861, resource_id=, timestamp=2013-12-22T12:00:00, resource_metadata={service=BS}, source=1:1, counter_unit=GB, counter_volume=4.15323, project_id=10335348806483, message_id=, counter_type=gauge}, {counter_name=image.size, user_id=10377784155861, resource_id=, timestamp=2013-12-23T12:00:00, resource_metadata={service=BS}, source=1:1, counter_unit=GB, counter_volume=3.99194, project_id=10335348806483, message_id=, counter_type=gauge}, {counter_name=image.size, user_id=10377784155861, resource_id=, timestamp=2013-12-24T12:00:00, resource_metadata={service=BS}, source=1:1, counter_unit=GB, counter_volume=3.99194, project_id=10335348806483, message_id=, counter_type=gauge}, {counter_name=image.size, user_id=10377784155861, resource_id=, timestamp=2013-12-25T12:00:00, resource_metadata={service=BS}, source=1:1, counter_unit=GB, counter_volume=1.92204, project_id=10335348806483, message_id=, counter_type=gauge}, {counter_name=image.size, user_id=10377784155861, resource_id=, timestamp=2013-12-28T12:00:00, resource_metadata={service=BS}, source=1:1, counter_unit=GB, counter_volume=0.174731, project_id=10335348806483, message_id=, counter_type=gauge}, {counter_name=image.size, user_id=10377784155861, resource_id=, timestamp=2014-01-17T12:00:00, resource_metadata={service=BS}, source=1:1, counter_unit=GB, counter_volume=0.698925, project_id=10335348806483, message_id=, counter_type=gauge}, {counter_name=image.size, user_id=10377784155861, resource_id=, timestamp=2014-01-18T12:00:00, resource_metadata={service=BS}, source=1:1, counter_unit=GB, counter_volume=2.95699, project_id=10335348806483, message_id=, counter_type=gauge}, {counter_name=image.size, user_id=10377784155861, resource_id=, timestamp=2014-01-19T12:00:00, resource_metadata={service=BS}, source=1:1, counter_unit=GB, counter_volume=4.19355, project_id=10335348806483, message_id=, counter_type=gauge}, {counter_name=image.size, user_id=10377784155861, resource_id=, timestamp=2014-01-20T12:00:00, resource_metadata={service=BS}, source=1:1, counter_unit=GB, counter_volume=4.19355, project_id=10335348806483, message_id=, counter_type=gauge}, {counter_name=image.size, user_id=10377784155861, resource_id=, timestamp=2014-01-21T12:00:00, resource_metadata={service=BS}, source=1:1, counter_unit=GB, counter_volume=4.19355, project_id=10335348806483, message_id=, counter_type=gauge}, {counter_name=image.size, user_id=10377784155861, resource_id=, timestamp=2014-01-22T12:00:00, resource_metadata={service=BS}, source=1:1, counter_unit=GB, counter_volume=4.19355, project_id=10335348806483, message_id=, counter_type=gauge}, {counter_name=image.size, user_id=10377784155861, resource_id=, timestamp=2014-01-23T12:00:00, resource_metadata={service=BS}, source=1:1, counter_unit=GB, counter_volume=1.92204, project_id=10335348806483, message_id=, counter_type=gauge}, {counter_name=image.size, user_id=10377784155861, resource_id=, timestamp=2014-01-24T12:00:00, resource_metadata={service=BS}, source=1:1, counter_unit=GB, counter_volume=1.22312, project_id=10335348806483, message_id=, counter_type=gauge}, {counter_name=image.size, user_id=10377784155861, resource_id=, timestamp=2014-01-25T12:00:00, resource_metadata={service=BS}, source=1:1, counter_unit=GB, counter_volume=4.19355, project_id=10335348806483, message_id=, counter_type=gauge}, {counter_name=image.size, user_id=10377784155861, resource_id=, timestamp=2014-01-26T12:00:00, resource_metadata={service=BS}, source=1:1, counter_unit=GB, counter_volume=4.19355, project_id=10335348806483, message_id=, counter_type=gauge}, {counter_name=image.size, user_id=10377784155861, resource_id=, timestamp=2014-01-27T12:00:00, resource_metadata={service=BS}, source=1:1, counter_unit=GB, counter_volume=4.19355, project_id=10335348806483, message_id=, counter_type=gauge}, {counter_name=image.size, user_id=10377784155861, resource_id=, timestamp=2014-01-28T12:00:00, resource_metadata={service=BS}, source=1:1, counter_unit=GB, counter_volume=4.19355, project_id=10335348806483, message_id=, counter_type=gauge}, {counter_name=image.size, user_id=10377784155861, resource_id=, timestamp=2014-01-29T12:00:00, resource_metadata={service=BS}, source=1:1, counter_unit=GB, counter_volume=4.19355, project_id=10335348806483, message_id=, counter_type=gauge}, {counter_name=image.size, user_id=10377784155861, resource_id=, timestamp=2014-01-30T12:00:00, resource_metadata={service=BS}, source=1:1, counter_unit=GB, counter_volume=4.19355, project_id=10335348806483, message_id=, counter_type=gauge}, {counter_name=image.size, user_id=10377784155861, resource_id=, timestamp=2014-01-31T12:00:00, resource_metadata={service=BS}, source=1:1, counter_unit=GB, counter_volume=4.19355, project_id=10335348806483, message_id=, counter_type=gauge}, {counter_name=image.size, user_id=10377784155861, resource_id=, timestamp=2014-02-01T12:00:00, resource_metadata={service=BS}, source=1:1, counter_unit=GB, counter_volume=4.64286, project_id=10335348806483, message_id=, counter_type=gauge}, {counter_name=image.size, user_id=10377784155861, resource_id=, timestamp=2014-02-02T12:00:00, resource_metadata={service=BS}, source=1:1, counter_unit=GB, counter_volume=4.64286, project_id=10335348806483, message_id=, counter_type=gauge}, {counter_name=image.size, user_id=10377784155861, resource_id=, timestamp=2014-02-03T12:00:00, resource_metadata={service=BS}, source=1:1, counter_unit=GB, counter_volume=4.64286, project_id=10335348806483, message_id=, counter_type=gauge}, {counter_name=image.size, user_id=10377784155861, resource_id=, timestamp=2014-02-04T12:00:00, resource_metadata={service=BS}, source=1:1, counter_unit=GB, counter_volume=4.64286, project_id=10335348806483, message_id=, counter_type=gauge}, {counter_name=image.size, user_id=10377784155861, resource_id=, timestamp=2014-02-05T12:00:00, resource_metadata={service=BS}, source=1:1, counter_unit=GB, counter_volume=4.64286, project_id=10335348806483, message_id=, counter_type=gauge}, {counter_name=image.size, user_id=10377784155861, resource_id=, timestamp=2014-02-06T12:00:00, resource_metadata={service=BS}, source=1:1, counter_unit=GB, counter_volume=4.64286, project_id=10335348806483, message_id=, counter_type=gauge}, {counter_name=image.size, user_id=10377784155861, resource_id=, timestamp=2014-02-07T12:00:00, resource_metadata={service=BS}, source=1:1, counter_unit=GB, counter_volume=4.64286, project_id=10335348806483, message_id=, counter_type=gauge}, {counter_name=image.size, user_id=10377784155861, resource_id=, timestamp=2014-02-08T12:00:00, resource_metadata={service=BS}, source=1:1, counter_unit=GB, counter_volume=4.64286, project_id=10335348806483, message_id=, counter_type=gauge}, {counter_name=image.size, user_id=10377784155861, resource_id=, timestamp=2014-02-09T12:00:00, resource_metadata={service=BS}, source=1:1, counter_unit=GB, counter_volume=4.64286, project_id=10335348806483, message_id=, counter_type=gauge}, {counter_name=image.size, user_id=10377784155861, resource_id=, timestamp=2014-02-10T12:00:00, resource_metadata={service=BS}, source=1:1, counter_unit=GB, counter_volume=4.64286, project_id=10335348806483, message_id=, counter_type=gauge}, {counter_name=image.size, user_id=10377784155861, resource_id=, timestamp=2014-02-11T12:00:00, resource_metadata={service=BS}, source=1:1, counter_unit=GB, counter_volume=4.64286, project_id=10335348806483, message_id=, counter_type=gauge}, {counter_name=image.size, user_id=10377784155861, resource_id=, timestamp=2014-02-12T12:00:00, resource_metadata={service=BS}, source=1:1, counter_unit=GB, counter_volume=4.64286, project_id=10335348806483, message_id=, counter_type=gauge}, {counter_name=image.size, user_id=10377784155861, resource_id=, timestamp=2014-02-13T12:00:00, resource_metadata={service=BS}, source=1:1, counter_unit=GB, counter_volume=4.64286, project_id=10335348806483, message_id=, counter_type=gauge}, {counter_name=image.size, user_id=10377784155861, resource_id=, timestamp=2014-02-14T12:00:00, resource_metadata={service=BS}, source=1:1, counter_unit=GB, counter_volume=4.64286, project_id=10335348806483, message_id=, counter_type=gauge}, {counter_name=image.size, user_id=10377784155861, resource_id=, timestamp=2014-02-15T12:00:00, resource_metadata={service=BS}, source=1:1, counter_unit=GB, counter_volume=4.64286, project_id=10335348806483, message_id=, counter_type=gauge}, {counter_name=image.size, user_id=10377784155861, resource_id=, timestamp=2014-02-16T12:00:00, resource_metadata={service=BS}, source=1:1, counter_unit=GB, counter_volume=4.64286, project_id=10335348806483, message_id=, counter_type=gauge}, {counter_name=image.size, user_id=10377784155861, resource_id=, timestamp=2014-02-17T12:00:00, resource_metadata={service=BS}, source=1:1, counter_unit=GB, counter_volume=4.64286, project_id=10335348806483, message_id=, counter_type=gauge}, {counter_name=image.size, user_id=10377784155861, resource_id=, timestamp=2014-02-18T12:00:00, resource_metadata={service=BS}, source=1:1, counter_unit=GB, counter_volume=4.64286, project_id=10335348806483, message_id=, counter_type=gauge}, {counter_name=image.size, user_id=10377784155861, resource_id=, timestamp=2014-02-19T12:00:00, resource_metadata={service=BS}, source=1:1, counter_unit=GB, counter_volume=4.64286, project_id=10335348806483, message_id=, counter_type=gauge}, {counter_name=image.size, user_id=10377784155861, resource_id=, timestamp=2014-02-20T12:00:00, resource_metadata={service=BS}, source=1:1, counter_unit=GB, counter_volume=4.64286, project_id=10335348806483, message_id=, counter_type=gauge}, {counter_name=image.size, user_id=10377784155861, resource_id=, timestamp=2014-02-21T12:00:00, resource_metadata={service=BS}, source=1:1, counter_unit=GB, counter_volume=4.64286, project_id=10335348806483, message_id=, counter_type=gauge}, {counter_name=image.size, user_id=10377784155861, resource_id=, timestamp=2014-02-22T12:00:00, resource_metadata={service=BS}, source=1:1, counter_unit=GB, counter_volume=4.64286, project_id=10335348806483, message_id=, counter_type=gauge}, {counter_name=image.size, user_id=10377784155861, resource_id=, timestamp=2014-02-23T12:00:00, resource_metadata={service=BS}, source=1:1, counter_unit=GB, counter_volume=4.64286, project_id=10335348806483, message_id=, counter_type=gauge}, {counter_name=image.size, user_id=10377784155861, resource_id=, timestamp=2014-02-24T12:00:00, resource_metadata={service=BS}, source=1:1, counter_unit=GB, counter_volume=4.64286, project_id=10335348806483, message_id=, counter_type=gauge}, {counter_name=image.size, user_id=10377784155861, resource_id=, timestamp=2014-02-25T12:00:00, resource_metadata={service=BS}, source=1:1, counter_unit=GB, counter_volume=4.64286, project_id=10335348806483, message_id=, counter_type=gauge}, {counter_name=image.size, user_id=10377784155861, resource_id=, timestamp=2014-02-26T12:00:00, resource_metadata={service=BS}, source=1:1, counter_unit=GB, counter_volume=4.64286, project_id=10335348806483, message_id=, counter_type=gauge}, {counter_name=image.size, user_id=10377784155861, resource_id=, timestamp=2014-02-27T12:00:00, resource_metadata={service=BS}, source=1:1, counter_unit=GB, counter_volume=4.64286, project_id=10335348806483, message_id=, counter_type=gauge}, {counter_name=image.size, user_id=10377784155861, resource_id=, timestamp=2014-02-28T12:00:00, resource_metadata={service=BS}, source=1:1, counter_unit=GB, counter_volume=4.64286, project_id=10335348806483, message_id=, counter_type=gauge}, {counter_name=image.size, user_id=10377784155861, resource_id=, timestamp=2014-03-01T12:00:00, resource_metadata={service=BS}, source=1:1, counter_unit=GB, counter_volume=4.19355, project_id=10335348806483, message_id=, counter_type=gauge}, {counter_name=image.size, user_id=10377784155861, resource_id=, timestamp=2014-03-02T12:00:00, resource_metadata={service=BS}, source=1:1, counter_unit=GB, counter_volume=4.19355, project_id=10335348806483, message_id=, counter_type=gauge}, {counter_name=image.size, user_id=10377784155861, resource_id=, timestamp=2014-03-03T12:00:00, resource_metadata={service=BS}, source=1:1, counter_unit=GB, counter_volume=4.19355, project_id=10335348806483, message_id=, counter_type=gauge}, {counter_name=image.size, user_id=10377784155861, resource_id=, timestamp=2014-03-04T12:00:00, resource_metadata={service=BS}, source=1:1, counter_unit=GB, counter_volume=4.19355, project_id=10335348806483, message_id=, counter_type=gauge}, {counter_name=image.size, user_id=10377784155861, resource_id=, timestamp=2014-03-05T12:00:00, resource_metadata={service=BS}, source=1:1, counter_unit=GB, counter_volume=4.19355, project_id=10335348806483, message_id=, counter_type=gauge}, {counter_name=image.size, user_id=10377784155861, resource_id=, timestamp=2014-03-06T12:00:00, resource_metadata={service=BS}, source=1:1, counter_unit=GB, counter_volume=4.19355, project_id=10335348806483, message_id=, counter_type=gauge}, {counter_name=image.size, user_id=10377784155861, resource_id=, timestamp=2014-03-07T12:00:00, resource_metadata={service=BS}, source=1:1, counter_unit=GB, counter_volume=4.19355, project_id=10335348806483, message_id=, counter_type=gauge}, {counter_name=image.size, user_id=10377784155861, resource_id=, timestamp=2014-03-08T12:00:00, resource_metadata={service=BS}, source=1:1, counter_unit=GB, counter_volume=4.19355, project_id=10335348806483, message_id=, counter_type=gauge}, {counter_name=image.size, user_id=10377784155861, resource_id=, timestamp=2014-03-09T12:00:00, resource_metadata={service=BS}, source=1:1, counter_unit=GB, counter_volume=4.19355, project_id=10335348806483, message_id=, counter_type=gauge}, {counter_name=image.size, user_id=10377784155861, resource_id=, timestamp=2014-03-10T12:00:00, resource_metadata={service=BS}, source=1:1, counter_unit=GB, counter_volume=4.19355, project_id=10335348806483, message_id=, counter_type=gauge}, {counter_name=image.size, user_id=10377784155861, resource_id=, timestamp=2014-03-12T12:00:00, resource_metadata={service=BS}, source=1:1, counter_unit=GB, counter_volume=3.17204, project_id=10335348806483, message_id=, counter_type=gauge}, {counter_name=image.size, user_id=10377784155861, resource_id=, timestamp=2014-03-13T12:00:00, resource_metadata={service=BS}, source=1:1, counter_unit=GB, counter_volume=1.78763, project_id=10335348806483, message_id=, counter_type=gauge}, {counter_name=image.size, user_id=10377784155861, resource_id=, timestamp=2014-03-14T12:00:00, resource_metadata={service=BS}, source=1:1, counter_unit=GB, counter_volume=0.537634, project_id=10335348806483, message_id=, counter_type=gauge}, {counter_name=image.size, user_id=10377784155861, resource_id=, timestamp=2014-03-16T12:00:00, resource_metadata={service=BS}, source=1:1, counter_unit=GB, counter_volume=0.766129, project_id=10335348806483, message_id=, counter_type=gauge}, {counter_name=image.size, user_id=10377784155861, resource_id=, timestamp=2014-03-17T12:00:00, resource_metadata={service=BS}, source=1:1, counter_unit=GB, counter_volume=0.793011, project_id=10335348806483, message_id=, counter_type=gauge}, {counter_name=image.size, user_id=10377784155861, resource_id=, timestamp=2014-03-18T12:00:00, resource_metadata={service=BS}, source=1:1, counter_unit=GB, counter_volume=0.120968, project_id=10335348806483, message_id=, counter_type=gauge}, {counter_name=image.size, user_id=10377784155861, resource_id=, timestamp=2014-03-19T12:00:00, resource_metadata={service=BS}, source=1:1, counter_unit=GB, counter_volume=0.322581, project_id=10335348806483, message_id=, counter_type=gauge}, {counter_name=image.size, user_id=10377784155861, resource_id=, timestamp=2014-03-27T12:00:00, resource_metadata={service=BS}, source=1:1, counter_unit=GB, counter_volume=0.215054, project_id=10335348806483, message_id=, counter_type=gauge}, {counter_name=image.size, user_id=10377784155861, resource_id=, timestamp=2014-03-28T12:00:00, resource_metadata={service=BS}, source=1:1, counter_unit=GB, counter_volume=1.6129, project_id=10335348806483, message_id=, counter_type=gauge}, {counter_name=image.size, user_id=10377784155861, resource_id=, timestamp=2014-03-29T12:00:00, resource_metadata={service=BS}, source=1:1, counter_unit=GB, counter_volume=1.29032, project_id=10335348806483, message_id=, counter_type=gauge}, {counter_name=image.size, user_id=10377784155861, resource_id=, timestamp=2014-04-04T12:00:00, resource_metadata={service=BS}, source=1:1, counter_unit=GB, counter_volume=2.66667, project_id=10335348806483, message_id=, counter_type=gauge}, {counter_name=image.size, user_id=10377784155861, resource_id=, timestamp=2014-04-05T12:00:00, resource_metadata={service=BS}, source=1:1, counter_unit=GB, counter_volume=2.66667, project_id=10335348806483, message_id=, counter_type=gauge}, {counter_name=image.size, user_id=10377784155861, resource_id=, timestamp=2014-04-06T12:00:00, resource_metadata={service=BS}, source=1:1, counter_unit=GB, counter_volume=2.66667, project_id=10335348806483, message_id=, counter_type=gauge}, {counter_name=image.size, user_id=10377784155861, resource_id=, timestamp=2014-04-07T12:00:00, resource_metadata={service=BS}, source=1:1, counter_unit=GB, counter_volume=2.66667, project_id=10335348806483, message_id=, counter_type=gauge}, {counter_name=image.size, user_id=10377784155861, resource_id=, timestamp=2014-04-08T12:00:00, resource_metadata={service=BS}, source=1:1, counter_unit=GB, counter_volume=2.66667, project_id=10335348806483, message_id=, counter_type=gauge}, {counter_name=image.size, user_id=10377784155861, resource_id=, timestamp=2014-04-09T12:00:00, resource_metadata={service=BS}, source=1:1, counter_unit=GB, counter_volume=2.66667, project_id=10335348806483, message_id=, counter_type=gauge}, {counter_name=image.size, user_id=10377784155861, resource_id=, timestamp=2014-04-10T12:00:00, resource_metadata={service=BS}, source=1:1, counter_unit=GB, counter_volume=2.66667, project_id=10335348806483, message_id=, counter_type=gauge}, {counter_name=image.size, user_id=10377784155861, resource_id=, timestamp=2014-04-11T12:00:00, resource_metadata={service=BS}, source=1:1, counter_unit=GB, counter_volume=2.66667, project_id=10335348806483, message_id=, counter_type=gauge}, {counter_name=image.size, user_id=10377784155861, resource_id=, timestamp=2014-04-12T12:00:00, resource_metadata={service=BS}, source=1:1, counter_unit=GB, counter_volume=2.66667, project_id=10335348806483, message_id=, counter_type=gauge}, {counter_name=image.size, user_id=10377784155861, resource_id=, timestamp=2014-04-13T12:00:00, resource_metadata={service=BS}, source=1:1, counter_unit=GB, counter_volume=2.22222, project_id=10335348806483, message_id=, counter_type=gauge}, {counter_name=image.size, user_id=10377784155861, resource_id=, timestamp=2014-04-14T12:00:00, resource_metadata={service=BS}, source=1:1, counter_unit=GB, counter_volume=0.777778, project_id=10335348806483, message_id=, counter_type=gauge}, {counter_name=image.size, user_id=10377784155861, resource_id=, timestamp=2014-05-02T12:00:00, resource_metadata={service=BS}, source=1:1, counter_unit=GB, counter_volume=1.6129, project_id=10335348806483, message_id=, counter_type=gauge}, {counter_name=image.size, user_id=10377784155861, resource_id=, timestamp=2014-05-03T12:00:00, resource_metadata={service=BS}, source=1:1, counter_unit=GB, counter_volume=2.58065, project_id=10335348806483, message_id=, counter_type=gauge}, {counter_name=image.size, user_id=10377784155861, resource_id=, timestamp=2014-05-04T12:00:00, resource_metadata={service=BS}, source=1:1, counter_unit=GB, counter_volume=2.25806, project_id=10335348806483, message_id=, counter_type=gauge}, {counter_name=image.size, user_id=10377784155861, resource_id=, timestamp=2014-05-05T12:00:00, resource_metadata={service=BS}, source=1:1, counter_unit=GB, counter_volume=2.15054, project_id=10335348806483, message_id=, counter_type=gauge}, {counter_name=image.size, user_id=10377784155861, resource_id=, timestamp=2014-05-06T12:00:00, resource_metadata={service=BS}, source=1:1, counter_unit=GB, counter_volume=2.58065, project_id=10335348806483, message_id=, counter_type=gauge}, {counter_name=image.size, user_id=10377784155861, resource_id=, timestamp=2014-05-07T12:00:00, resource_metadata={service=BS}, source=1:1, counter_unit=GB, counter_volume=2.58065, project_id=10335348806483, message_id=, counter_type=gauge}, {counter_name=image.size, user_id=10377784155861, resource_id=, timestamp=2014-05-08T12:00:00, resource_metadata={service=BS}, source=1:1, counter_unit=GB, counter_volume=2.58065, project_id=10335348806483, message_id=, counter_type=gauge}, {counter_name=image.size, user_id=10377784155861, resource_id=, timestamp=2014-05-09T12:00:00, resource_metadata={service=BS}, source=1:1, counter_unit=GB, counter_volume=2.58065, project_id=10335348806483, message_id=, counter_type=gauge}, {counter_name=image.size, user_id=10377784155861, resource_id=, timestamp=2014-05-10T12:00:00, resource_metadata={service=BS}, source=1:1, counter_unit=GB, counter_volume=2.58065, project_id=10335348806483, message_id=, counter_type=gauge}, {counter_name=image.size, user_id=10377784155861, resource_id=, timestamp=2014-05-11T12:00:00, resource_metadata={service=BS}, source=1:1, counter_unit=GB, counter_volume=2.15054, project_id=10335348806483, message_id=, counter_type=gauge}, {counter_name=image.size, user_id=10377784155861, resource_id=, timestamp=2014-06-04T12:00:00, resource_metadata={service=BS}, source=1:1, counter_unit=GB, counter_volume=0.111111, project_id=10335348806483, message_id=, counter_type=gauge}, {counter_name=image.size, user_id=10377784155861, resource_id=, timestamp=2014-06-05T12:00:00, resource_metadata={service=BS}, source=1:1, counter_unit=GB, counter_volume=2.44444, project_id=10335348806483, message_id=, counter_type=gauge}, {counter_name=image.size, user_id=10377784155861, resource_id=, timestamp=2014-06-06T12:00:00, resource_metadata={service=BS}, source=1:1, counter_unit=GB, counter_volume=2.66667, project_id=10335348806483, message_id=, counter_type=gauge}, {counter_name=image.size, user_id=10377784155861, resource_id=, timestamp=2014-06-07T12:00:00, resource_metadata={service=BS}, source=1:1, counter_unit=GB, counter_volume=2.66667, project_id=10335348806483, message_id=, counter_type=gauge}, {counter_name=image.size, user_id=10377784155861, resource_id=, timestamp=2014-06-08T12:00:00, resource_metadata={service=BS}, source=1:1, counter_unit=GB, counter_volume=2.66667, project_id=10335348806483, message_id=, counter_type=gauge}, {counter_name=image.size, user_id=10377784155861, resource_id=, timestamp=2014-06-09T12:00:00, resource_metadata={service=BS}, source=1:1, counter_unit=GB, counter_volume=0.777778, project_id=10335348806483, message_id=, counter_type=gauge}, {counter_name=image.size, user_id=10377784155861, resource_id=, timestamp=2014-06-10T12:00:00, resource_metadata={service=BS}, source=1:1, counter_unit=GB, counter_volume=1.88889, project_id=10335348806483, message_id=, counter_type=gauge}, {counter_name=image.size, user_id=10377784155861, resource_id=, timestamp=2014-06-11T12:00:00, resource_metadata={service=BS}, source=1:1, counter_unit=GB, counter_volume=2.66667, project_id=10335348806483, message_id=, counter_type=gauge}, {counter_name=image.size, user_id=10377784155861, resource_id=, timestamp=2014-06-12T12:00:00, resource_metadata={service=BS}, source=1:1, counter_unit=GB, counter_volume=2.66667, project_id=10335348806483, message_id=, counter_type=gauge}, {counter_name=image.size, user_id=10377784155861, resource_id=, timestamp=2014-06-13T12:00:00, resource_metadata={service=BS}, source=1:1, counter_unit=GB, counter_volume=2.66667, project_id=10335348806483, message_id=, counter_type=gauge}, {counter_name=image.size, user_id=10377784155861, resource_id=, timestamp=2014-06-14T12:00:00, resource_metadata={service=BS}, source=1:1, counter_unit=GB, counter_volume=2.66667, project_id=10335348806483, message_id=, counter_type=gauge}, {counter_name=image.size, user_id=10377784155861, resource_id=, timestamp=2014-06-15T12:00:00, resource_metadata={service=BS}, source=1:1, counter_unit=GB, counter_volume=2.66667, project_id=10335348806483, message_id=, counter_type=gauge}, {counter_name=image.size, user_id=10377784155861, resource_id=, timestamp=2014-06-16T12:00:00, resource_metadata={service=BS}, source=1:1, counter_unit=GB, counter_volume=2.66667, project_id=10335348806483, message_id=, counter_type=gauge}, {counter_name=image.size, user_id=10377784155861, resource_id=, timestamp=2014-06-17T12:00:00, resource_metadata={service=BS}, source=1:1, counter_unit=GB, counter_volume=2.66667, project_id=10335348806483, message_id=, counter_type=gauge}, {counter_name=image.size, user_id=10377784155861, resource_id=, timestamp=2014-06-18T12:00:00, resource_metadata={service=BS}, source=1:1, counter_unit=GB, counter_volume=2.66667, project_id=10335348806483, message_id=, counter_type=gauge}, {counter_name=image.size, user_id=10377784155861, resource_id=, timestamp=2014-06-19T12:00:00, resource_metadata={service=BS}, source=1:1, counter_unit=GB, counter_volume=2.66667, project_id=10335348806483, message_id=, counter_type=gauge}, {counter_name=image.size, user_id=10377784155861, resource_id=, timestamp=2014-06-20T12:00:00, resource_metadata={service=BS}, source=1:1, counter_unit=GB, counter_volume=2.66667, project_id=10335348806483, message_id=, counter_type=gauge}, {counter_name=image.size, user_id=10377784155861, resource_id=, timestamp=2014-06-21T12:00:00, resource_metadata={service=BS}, source=1:1, counter_unit=GB, counter_volume=2.66667, project_id=10335348806483, message_id=, counter_type=gauge}, {counter_name=image.size, user_id=10377784155861, resource_id=, timestamp=2014-06-22T12:00:00, resource_metadata={service=BS}, source=1:1, counter_unit=GB, counter_volume=2.66667, project_id=10335348806483, message_id=, counter_type=gauge}, {counter_name=image.size, user_id=10377784155861, resource_id=, timestamp=2014-06-23T12:00:00, resource_metadata={service=BS}, source=1:1, counter_unit=GB, counter_volume=2.66667, project_id=10335348806483, message_id=, counter_type=gauge}, {counter_name=image.size, user_id=10377784155861, resource_id=, timestamp=2014-06-24T12:00:00, resource_metadata={service=BS}, source=1:1, counter_unit=GB, counter_volume=2.66667, project_id=10335348806483, message_id=, counter_type=gauge}, {counter_name=image.size, user_id=10377784155861, resource_id=, timestamp=2014-06-25T12:00:00, resource_metadata={service=BS}, source=1:1, counter_unit=GB, counter_volume=2.66667, project_id=10335348806483, message_id=, counter_type=gauge}, {counter_name=image.size, user_id=10377784155861, resource_id=, timestamp=2014-06-26T12:00:00, resource_metadata={service=BS}, source=1:1, counter_unit=GB, counter_volume=2.66667, project_id=10335348806483, message_id=, counter_type=gauge}, {counter_name=image.size, user_id=10377784155861, resource_id=, timestamp=2014-06-27T12:00:00, resource_metadata={service=BS}, source=1:1, counter_unit=GB, counter_volume=2.66667, project_id=10335348806483, message_id=, counter_type=gauge}, {counter_name=image.size, user_id=10377784155861, resource_id=, timestamp=2014-06-28T12:00:00, resource_metadata={service=BS}, source=1:1, counter_unit=GB, counter_volume=2.66667, project_id=10335348806483, message_id=, counter_type=gauge}]
[{counter_name=image.size, user_id=10377784155861, resource_id=, timestamp=2013-11-11T12:00:00, resource_metadata={service=BS}, source=1:1, counter_unit=GB, counter_volume=1.18056, project_id=10335348806483, message_id=, counter_type=gauge}, {counter_name=image.size, user_id=10377784155861, resource_id=, timestamp=2013-11-12T12:00:00, resource_metadata={service=BS}, source=1:1, counter_unit=GB, counter_volume=1.66667, project_id=10335348806483, message_id=, counter_type=gauge}, {counter_name=image.size, user_id=10377784155861, resource_id=, timestamp=2013-11-13T12:00:00, resource_metadata={service=BS}, source=1:1, counter_unit=GB, counter_volume=3.86111, project_id=10335348806483, message_id=, counter_type=gauge}, {counter_name=image.size, user_id=10377784155861, resource_id=, timestamp=2013-11-14T12:00:00, resource_metadata={service=BS}, source=1:1, counter_unit=GB, counter_volume=4.33333, project_id=10335348806483, message_id=, counter_type=gauge}, {counter_name=image.size, user_id=10377784155861, resource_id=, timestamp=2013-11-15T12:00:00, resource_metadata={service=BS}, source=1:1, counter_unit=GB, counter_volume=2.52778, project_id=10335348806483, message_id=, counter_type=gauge}, {counter_name=image.size, user_id=10377784155861, resource_id=, timestamp=2013-11-26T12:00:00, resource_metadata={service=BS}, source=1:1, counter_unit=GB, counter_volume=0.541667, project_id=10335348806483, message_id=, counter_type=gauge}, {counter_name=image.size, user_id=10377784155861, resource_id=, timestamp=2013-11-27T12:00:00, resource_metadata={service=BS}, source=1:1, counter_unit=GB, counter_volume=4.33333, project_id=10335348806483, message_id=, counter_type=gauge}, {counter_name=image.size, user_id=10377784155861, resource_id=, timestamp=2013-11-28T12:00:00, resource_metadata={service=BS}, source=1:1, counter_unit=GB, counter_volume=1.625, project_id=10335348806483, message_id=, counter_type=gauge}, {counter_name=image.size, user_id=10377784155861, resource_id=, timestamp=2013-12-04T12:00:00, resource_metadata={service=BS}, source=1:1, counter_unit=GB, counter_volume=1.04839, project_id=10335348806483, message_id=, counter_type=gauge}, {counter_name=image.size, user_id=10377784155861, resource_id=, timestamp=2013-12-05T12:00:00, resource_metadata={service=BS}, source=1:1, counter_unit=GB, counter_volume=3.99194, project_id=10335348806483, message_id=, counter_type=gauge}, {counter_name=image.size, user_id=10377784155861, resource_id=, timestamp=2013-12-06T12:00:00, resource_metadata={service=BS}, source=1:1, counter_unit=GB, counter_volume=4.19355, project_id=10335348806483, message_id=, counter_type=gauge}, {counter_name=image.size, user_id=10377784155861, resource_id=, timestamp=2013-12-07T12:00:00, resource_metadata={service=BS}, source=1:1, counter_unit=GB, counter_volume=4.19355, project_id=10335348806483, message_id=, counter_type=gauge}, {counter_name=image.size, user_id=10377784155861, resource_id=, timestamp=2013-12-08T12:00:00, resource_metadata={service=BS}, source=1:1, counter_unit=GB, counter_volume=4.19355, project_id=10335348806483, message_id=, counter_type=gauge}, {counter_name=image.size, user_id=10377784155861, resource_id=, timestamp=2013-12-09T12:00:00, resource_metadata={service=BS}, source=1:1, counter_unit=GB, counter_volume=4.19355, project_id=10335348806483, message_id=, counter_type=gauge}, {counter_name=image.size, user_id=10377784155861, resource_id=, timestamp=2013-12-10T12:00:00, resource_metadata={service=BS}, source=1:1, counter_unit=GB, counter_volume=4.19355, project_id=10335348806483, message_id=, counter_type=gauge}, {counter_name=image.size, user_id=10377784155861, resource_id=, timestamp=2013-12-11T12:00:00, resource_metadata={service=BS}, source=1:1, counter_unit=GB, counter_volume=2.09677, project_id=10335348806483, message_id=, counter_type=gauge}, {counter_name=image.size, user_id=10377784155861, resource_id=, timestamp=2013-12-14T12:00:00, resource_metadata={service=BS}, source=1:1, counter_unit=GB, counter_volume=0.16129, project_id=10335348806483, message_id=, counter_type=gauge}, {counter_name=image.size, user_id=10377784155861, resource_id=, timestamp=2013-12-16T12:00:00, resource_metadata={service=BS}, source=1:1, counter_unit=GB, counter_volume=2.62097, project_id=10335348806483, message_id=, counter_type=gauge}, {counter_name=image.size, user_id=10377784155861, resource_id=, timestamp=2013-12-17T12:00:00, resource_metadata={service=BS}, source=1:1, counter_unit=GB, counter_volume=2.09677, project_id=10335348806483, message_id=, counter_type=gauge}, {counter_name=image.size, user_id=10377784155861, resource_id=, timestamp=2013-12-18T12:00:00, resource_metadata={service=BS}, source=1:1, counter_unit=GB, counter_volume=0.524194, project_id=10335348806483, message_id=, counter_type=gauge}, {counter_name=image.size, user_id=10377784155861, resource_id=, timestamp=2013-12-19T12:00:00, resource_metadata={service=BS}, source=1:1, counter_unit=GB, counter_volume=4.15323, project_id=10335348806483, message_id=, counter_type=gauge}, {counter_name=image.size, user_id=10377784155861, resource_id=, timestamp=2013-12-20T12:00:00, resource_metadata={service=BS}, source=1:1, counter_unit=GB, counter_volume=3.57527, project_id=10335348806483, message_id=, counter_type=gauge}, {counter_name=image.size, user_id=10377784155861, resource_id=, timestamp=2013-12-21T12:00:00, resource_metadata={service=BS}, source=1:1, counter_unit=GB, counter_volume=3.10484, project_id=10335348806483, message_id=, counter_type=gauge}, {counter_name=image.size, user_id=10377784155861, resource_id=, timestamp=2013-12-22T12:00:00, resource_metadata={service=BS}, source=1:1, counter_unit=GB, counter_volume=4.15323, project_id=10335348806483, message_id=, counter_type=gauge}, {counter_name=image.size, user_id=10377784155861, resource_id=, timestamp=2013-12-23T12:00:00, resource_metadata={service=BS}, source=1:1, counter_unit=GB, counter_volume=3.99194, project_id=10335348806483, message_id=, counter_type=gauge}, {counter_name=image.size, user_id=10377784155861, resource_id=, timestamp=2013-12-24T12:00:00, resource_metadata={service=BS}, source=1:1, counter_unit=GB, counter_volume=3.99194, project_id=10335348806483, message_id=, counter_type=gauge}, {counter_name=image.size, user_id=10377784155861, resource_id=, timestamp=2013-12-25T12:00:00, resource_metadata={service=BS}, source=1:1, counter_unit=GB, counter_volume=1.92204, project_id=10335348806483, message_id=, counter_type=gauge}, {counter_name=image.size, user_id=10377784155861, resource_id=, timestamp=2013-12-28T12:00:00, resource_metadata={service=BS}, source=1:1, counter_unit=GB, counter_volume=0.174731, project_id=10335348806483, message_id=, counter_type=gauge}, {counter_name=image.size, user_id=10377784155861, resource_id=, timestamp=2014-01-17T12:00:00, resource_metadata={service=BS}, source=1:1, counter_unit=GB, counter_volume=0.698925, project_id=10335348806483, message_id=, counter_type=gauge}, {counter_name=image.size, user_id=10377784155861, resource_id=, timestamp=2014-01-18T12:00:00, resource_metadata={service=BS}, source=1:1, counter_unit=GB, counter_volume=2.95699, project_id=10335348806483, message_id=, counter_type=gauge}, {counter_name=image.size, user_id=10377784155861, resource_id=, timestamp=2014-01-19T12:00:00, resource_metadata={service=BS}, source=1:1, counter_unit=GB, counter_volume=4.19355, project_id=10335348806483, message_id=, counter_type=gauge}, {counter_name=image.size, user_id=10377784155861, resource_id=, timestamp=2014-01-20T12:00:00, resource_metadata={service=BS}, source=1:1, counter_unit=GB, counter_volume=4.19355, project_id=10335348806483, message_id=, counter_type=gauge}, {counter_name=image.size, user_id=10377784155861, resource_id=, timestamp=2014-01-21T12:00:00, resource_metadata={service=BS}, source=1:1, counter_unit=GB, counter_volume=4.19355, project_id=10335348806483, message_id=, counter_type=gauge}, {counter_name=image.size, user_id=10377784155861, resource_id=, timestamp=2014-01-22T12:00:00, resource_metadata={service=BS}, source=1:1, counter_unit=GB, counter_volume=4.19355, project_id=10335348806483, message_id=, counter_type=gauge}, {counter_name=image.size, user_id=10377784155861, resource_id=, timestamp=2014-01-23T12:00:00, resource_metadata={service=BS}, source=1:1, counter_unit=GB, counter_volume=1.92204, project_id=10335348806483, message_id=, counter_type=gauge}, {counter_name=image.size, user_id=10377784155861, resource_id=, timestamp=2014-01-24T12:00:00, resource_metadata={service=BS}, source=1:1, counter_unit=GB, counter_volume=1.22312, project_id=10335348806483, message_id=, counter_type=gauge}, {counter_name=image.size, user_id=10377784155861, resource_id=, timestamp=2014-01-25T12:00:00, resource_metadata={service=BS}, source=1:1, counter_unit=GB, counter_volume=4.19355, project_id=10335348806483, message_id=, counter_type=gauge}, {counter_name=image.size, user_id=10377784155861, resource_id=, timestamp=2014-01-26T12:00:00, resource_metadata={service=BS}, source=1:1, counter_unit=GB, counter_volume=4.19355, project_id=10335348806483, message_id=, counter_type=gauge}, {counter_name=image.size, user_id=10377784155861, resource_id=, timestamp=2014-01-27T12:00:00, resource_metadata={service=BS}, source=1:1, counter_unit=GB, counter_volume=4.19355, project_id=10335348806483, message_id=, counter_type=gauge}, {counter_name=image.size, user_id=10377784155861, resource_id=, timestamp=2014-01-28T12:00:00, resource_metadata={service=BS}, source=1:1, counter_unit=GB, counter_volume=4.19355, project_id=10335348806483, message_id=, counter_type=gauge}, {counter_name=image.size, user_id=10377784155861, resource_id=, timestamp=2014-01-29T12:00:00, resource_metadata={service=BS}, source=1:1, counter_unit=GB, counter_volume=4.19355, project_id=10335348806483, message_id=, counter_type=gauge}, {counter_name=image.size, user_id=10377784155861, resource_id=, timestamp=2014-01-30T12:00:00, resource_metadata={service=BS}, source=1:1, counter_unit=GB, counter_volume=4.19355, project_id=10335348806483, message_id=, counter_type=gauge}, {counter_name=image.size, user_id=10377784155861, resource_id=, timestamp=2014-01-31T12:00:00, resource_metadata={service=BS}, source=1:1, counter_unit=GB, counter_volume=4.19355, project_id=10335348806483, message_id=, counter_type=gauge}, {counter_name=image.size, user_id=10377784155861, resource_id=, timestamp=2014-02-01T12:00:00, resource_metadata={service=BS}, source=1:1, counter_unit=GB, counter_volume=4.64286, project_id=10335348806483, message_id=, counter_type=gauge}, {counter_name=image.size, user_id=10377784155861, resource_id=, timestamp=2014-02-02T12:00:00, resource_metadata={service=BS}, source=1:1, counter_unit=GB, counter_volume=4.64286, project_id=10335348806483, message_id=, counter_type=gauge}, {counter_name=image.size, user_id=10377784155861, resource_id=, timestamp=2014-02-03T12:00:00, resource_metadata={service=BS}, source=1:1, counter_unit=GB, counter_volume=4.64286, project_id=10335348806483, message_id=, counter_type=gauge}, {counter_name=image.size, user_id=10377784155861, resource_id=, timestamp=2014-02-04T12:00:00, resource_metadata={service=BS}, source=1:1, counter_unit=GB, counter_volume=4.64286, project_id=10335348806483, message_id=, counter_type=gauge}, {counter_name=image.size, user_id=10377784155861, resource_id=, timestamp=2014-02-05T12:00:00, resource_metadata={service=BS}, source=1:1, counter_unit=GB, counter_volume=4.64286, project_id=10335348806483, message_id=, counter_type=gauge}, {counter_name=image.size, user_id=10377784155861, resource_id=, timestamp=2014-02-06T12:00:00, resource_metadata={service=BS}, source=1:1, counter_unit=GB, counter_volume=4.64286, project_id=10335348806483, message_id=, counter_type=gauge}, {counter_name=image.size, user_id=10377784155861, resource_id=, timestamp=2014-02-07T12:00:00, resource_metadata={service=BS}, source=1:1, counter_unit=GB, counter_volume=4.64286, project_id=10335348806483, message_id=, counter_type=gauge}, {counter_name=image.size, user_id=10377784155861, resource_id=, timestamp=2014-02-08T12:00:00, resource_metadata={service=BS}, source=1:1, counter_unit=GB, counter_volume=4.64286, project_id=10335348806483, message_id=, counter_type=gauge}, {counter_name=image.size, user_id=10377784155861, resource_id=, timestamp=2014-02-09T12:00:00, resource_metadata={service=BS}, source=1:1, counter_unit=GB, counter_volume=4.64286, project_id=10335348806483, message_id=, counter_type=gauge}, {counter_name=image.size, user_id=10377784155861, resource_id=, timestamp=2014-02-10T12:00:00, resource_metadata={service=BS}, source=1:1, counter_unit=GB, counter_volume=4.64286, project_id=10335348806483, message_id=, counter_type=gauge}, {counter_name=image.size, user_id=10377784155861, resource_id=, timestamp=2014-02-11T12:00:00, resource_metadata={service=BS}, source=1:1, counter_unit=GB, counter_volume=4.64286, project_id=10335348806483, message_id=, counter_type=gauge}, {counter_name=image.size, user_id=10377784155861, resource_id=, timestamp=2014-02-12T12:00:00, resource_metadata={service=BS}, source=1:1, counter_unit=GB, counter_volume=4.64286, project_id=10335348806483, message_id=, counter_type=gauge}, {counter_name=image.size, user_id=10377784155861, resource_id=, timestamp=2014-02-13T12:00:00, resource_metadata={service=BS}, source=1:1, counter_unit=GB, counter_volume=4.64286, project_id=10335348806483, message_id=, counter_type=gauge}, {counter_name=image.size, user_id=10377784155861, resource_id=, timestamp=2014-02-14T12:00:00, resource_metadata={service=BS}, source=1:1, counter_unit=GB, counter_volume=4.64286, project_id=10335348806483, message_id=, counter_type=gauge}, {counter_name=image.size, user_id=10377784155861, resource_id=, timestamp=2014-02-15T12:00:00, resource_metadata={service=BS}, source=1:1, counter_unit=GB, counter_volume=4.64286, project_id=10335348806483, message_id=, counter_type=gauge}, {counter_name=image.size, user_id=10377784155861, resource_id=, timestamp=2014-02-16T12:00:00, resource_metadata={service=BS}, source=1:1, counter_unit=GB, counter_volume=4.64286, project_id=10335348806483, message_id=, counter_type=gauge}, {counter_name=image.size, user_id=10377784155861, resource_id=, timestamp=2014-02-17T12:00:00, resource_metadata={service=BS}, source=1:1, counter_unit=GB, counter_volume=4.64286, project_id=10335348806483, message_id=, counter_type=gauge}, {counter_name=image.size, user_id=10377784155861, resource_id=, timestamp=2014-02-18T12:00:00, resource_metadata={service=BS}, source=1:1, counter_unit=GB, counter_volume=4.64286, project_id=10335348806483, message_id=, counter_type=gauge}, {counter_name=image.size, user_id=10377784155861, resource_id=, timestamp=2014-02-19T12:00:00, resource_metadata={service=BS}, source=1:1, counter_unit=GB, counter_volume=4.64286, project_id=10335348806483, message_id=, counter_type=gauge}, {counter_name=image.size, user_id=10377784155861, resource_id=, timestamp=2014-02-20T12:00:00, resource_metadata={service=BS}, source=1:1, counter_unit=GB, counter_volume=4.64286, project_id=10335348806483, message_id=, counter_type=gauge}, {counter_name=image.size, user_id=10377784155861, resource_id=, timestamp=2014-02-21T12:00:00, resource_metadata={service=BS}, source=1:1, counter_unit=GB, counter_volume=4.64286, project_id=10335348806483, message_id=, counter_type=gauge}, {counter_name=image.size, user_id=10377784155861, resource_id=, timestamp=2014-02-22T12:00:00, resource_metadata={service=BS}, source=1:1, counter_unit=GB, counter_volume=4.64286, project_id=10335348806483, message_id=, counter_type=gauge}, {counter_name=image.size, user_id=10377784155861, resource_id=, timestamp=2014-02-23T12:00:00, resource_metadata={service=BS}, source=1:1, counter_unit=GB, counter_volume=4.64286, project_id=10335348806483, message_id=, counter_type=gauge}, {counter_name=image.size, user_id=10377784155861, resource_id=, timestamp=2014-02-24T12:00:00, resource_metadata={service=BS}, source=1:1, counter_unit=GB, counter_volume=4.64286, project_id=10335348806483, message_id=, counter_type=gauge}, {counter_name=image.size, user_id=10377784155861, resource_id=, timestamp=2014-02-25T12:00:00, resource_metadata={service=BS}, source=1:1, counter_unit=GB, counter_volume=4.64286, project_id=10335348806483, message_id=, counter_type=gauge}, {counter_name=image.size, user_id=10377784155861, resource_id=, timestamp=2014-02-26T12:00:00, resource_metadata={service=BS}, source=1:1, counter_unit=GB, counter_volume=4.64286, project_id=10335348806483, message_id=, counter_type=gauge}, {counter_name=image.size, user_id=10377784155861, resource_id=, timestamp=2014-02-27T12:00:00, resource_metadata={service=BS}, source=1:1, counter_unit=GB, counter_volume=4.64286, project_id=10335348806483, message_id=, counter_type=gauge}, {counter_name=image.size, user_id=10377784155861, resource_id=, timestamp=2014-02-28T12:00:00, resource_metadata={service=BS}, source=1:1, counter_unit=GB, counter_volume=4.64286, project_id=10335348806483, message_id=, counter_type=gauge}, {counter_name=image.size, user_id=10377784155861, resource_id=, timestamp=2014-03-01T12:00:00, resource_metadata={service=BS}, source=1:1, counter_unit=GB, counter_volume=4.19355, project_id=10335348806483, message_id=, counter_type=gauge}, {counter_name=image.size, user_id=10377784155861, resource_id=, timestamp=2014-03-02T12:00:00, resource_metadata={service=BS}, source=1:1, counter_unit=GB, counter_volume=4.19355, project_id=10335348806483, message_id=, counter_type=gauge}, {counter_name=image.size, user_id=10377784155861, resource_id=, timestamp=2014-03-03T12:00:00, resource_metadata={service=BS}, source=1:1, counter_unit=GB, counter_volume=4.19355, project_id=10335348806483, message_id=, counter_type=gauge}, {counter_name=image.size, user_id=10377784155861, resource_id=, timestamp=2014-03-04T12:00:00, resource_metadata={service=BS}, source=1:1, counter_unit=GB, counter_volume=4.19355, project_id=10335348806483, message_id=, counter_type=gauge}, {counter_name=image.size, user_id=10377784155861, resource_id=, timestamp=2014-03-05T12:00:00, resource_metadata={service=BS}, source=1:1, counter_unit=GB, counter_volume=4.19355, project_id=10335348806483, message_id=, counter_type=gauge}, {counter_name=image.size, user_id=10377784155861, resource_id=, timestamp=2014-03-06T12:00:00, resource_metadata={service=BS}, source=1:1, counter_unit=GB, counter_volume=4.19355, project_id=10335348806483, message_id=, counter_type=gauge}, {counter_name=image.size, user_id=10377784155861, resource_id=, timestamp=2014-03-07T12:00:00, resource_metadata={service=BS}, source=1:1, counter_unit=GB, counter_volume=4.19355, project_id=10335348806483, message_id=, counter_type=gauge}, {counter_name=image.size, user_id=10377784155861, resource_id=, timestamp=2014-03-08T12:00:00, resource_metadata={service=BS}, source=1:1, counter_unit=GB, counter_volume=4.19355, project_id=10335348806483, message_id=, counter_type=gauge}, {counter_name=image.size, user_id=10377784155861, resource_id=, timestamp=2014-03-09T12:00:00, resource_metadata={service=BS}, source=1:1, counter_unit=GB, counter_volume=4.19355, project_id=10335348806483, message_id=, counter_type=gauge}, {counter_name=image.size, user_id=10377784155861, resource_id=, timestamp=2014-03-10T12:00:00, resource_metadata={service=BS}, source=1:1, counter_unit=GB, counter_volume=4.19355, project_id=10335348806483, message_id=, counter_type=gauge}, {counter_name=image.size, user_id=10377784155861, resource_id=, timestamp=2014-03-12T12:00:00, resource_metadata={service=BS}, source=1:1, counter_unit=GB, counter_volume=3.17204, project_id=10335348806483, message_id=, counter_type=gauge}, {counter_name=image.size, user_id=10377784155861, resource_id=, timestamp=2014-03-13T12:00:00, resource_metadata={service=BS}, source=1:1, counter_unit=GB, counter_volume=1.78763, project_id=10335348806483, message_id=, counter_type=gauge}, {counter_name=image.size, user_id=10377784155861, resource_id=, timestamp=2014-03-14T12:00:00, resource_metadata={service=BS}, source=1:1, counter_unit=GB, counter_volume=0.537634, project_id=10335348806483, message_id=, counter_type=gauge}, {counter_name=image.size, user_id=10377784155861, resource_id=, timestamp=2014-03-16T12:00:00, resource_metadata={service=BS}, source=1:1, counter_unit=GB, counter_volume=0.766129, project_id=10335348806483, message_id=, counter_type=gauge}, {counter_name=image.size, user_id=10377784155861, resource_id=, timestamp=2014-03-17T12:00:00, resource_metadata={service=BS}, source=1:1, counter_unit=GB, counter_volume=0.793011, project_id=10335348806483, message_id=, counter_type=gauge}, {counter_name=image.size, user_id=10377784155861, resource_id=, timestamp=2014-03-18T12:00:00, resource_metadata={service=BS}, source=1:1, counter_unit=GB, counter_volume=0.120968, project_id=10335348806483, message_id=, counter_type=gauge}, {counter_name=image.size, user_id=10377784155861, resource_id=, timestamp=2014-03-19T12:00:00, resource_metadata={service=BS}, source=1:1, counter_unit=GB, counter_volume=0.322581, project_id=10335348806483, message_id=, counter_type=gauge}, {counter_name=image.size, user_id=10377784155861, resource_id=, timestamp=2014-03-27T12:00:00, resource_metadata={service=BS}, source=1:1, counter_unit=GB, counter_volume=0.215054, project_id=10335348806483, message_id=, counter_type=gauge}, {counter_name=image.size, user_id=10377784155861, resource_id=, timestamp=2014-03-28T12:00:00, resource_metadata={service=BS}, source=1:1, counter_unit=GB, counter_volume=1.6129, project_id=10335348806483, message_id=, counter_type=gauge}, {counter_name=image.size, user_id=10377784155861, resource_id=, timestamp=2014-03-29T12:00:00, resource_metadata={service=BS}, source=1:1, counter_unit=GB, counter_volume=1.29032, project_id=10335348806483, message_id=, counter_type=gauge}, {counter_name=image.size, user_id=10377784155861, resource_id=, timestamp=2014-04-04T12:00:00, resource_metadata={service=BS}, source=1:1, counter_unit=GB, counter_volume=2.66667, project_id=10335348806483, message_id=, counter_type=gauge}, {counter_name=image.size, user_id=10377784155861, resource_id=, timestamp=2014-04-05T12:00:00, resource_metadata={service=BS}, source=1:1, counter_unit=GB, counter_volume=2.66667, project_id=10335348806483, message_id=, counter_type=gauge}, {counter_name=image.size, user_id=10377784155861, resource_id=, timestamp=2014-04-06T12:00:00, resource_metadata={service=BS}, source=1:1, counter_unit=GB, counter_volume=2.66667, project_id=10335348806483, message_id=, counter_type=gauge}, {counter_name=image.size, user_id=10377784155861, resource_id=, timestamp=2014-04-07T12:00:00, resource_metadata={service=BS}, source=1:1, counter_unit=GB, counter_volume=2.66667, project_id=10335348806483, message_id=, counter_type=gauge}, {counter_name=image.size, user_id=10377784155861, resource_id=, timestamp=2014-04-08T12:00:00, resource_metadata={service=BS}, source=1:1, counter_unit=GB, counter_volume=2.66667, project_id=10335348806483, message_id=, counter_type=gauge}, {counter_name=image.size, user_id=10377784155861, resource_id=, timestamp=2014-04-09T12:00:00, resource_metadata={service=BS}, source=1:1, counter_unit=GB, counter_volume=2.66667, project_id=10335348806483, message_id=, counter_type=gauge}, {counter_name=image.size, user_id=10377784155861, resource_id=, timestamp=2014-04-10T12:00:00, resource_metadata={service=BS}, source=1:1, counter_unit=GB, counter_volume=2.66667, project_id=10335348806483, message_id=, counter_type=gauge}, {counter_name=image.size, user_id=10377784155861, resource_id=, timestamp=2014-04-11T12:00:00, resource_metadata={service=BS}, source=1:1, counter_unit=GB, counter_volume=2.66667, project_id=10335348806483, message_id=, counter_type=gauge}, {counter_name=image.size, user_id=10377784155861, resource_id=, timestamp=2014-04-12T12:00:00, resource_metadata={service=BS}, source=1:1, counter_unit=GB, counter_volume=2.66667, project_id=10335348806483, message_id=, counter_type=gauge}, {counter_name=image.size, user_id=10377784155861, resource_id=, timestamp=2014-04-13T12:00:00, resource_metadata={service=BS}, source=1:1, counter_unit=GB, counter_volume=2.22222, project_id=10335348806483, message_id=, counter_type=gauge}, {counter_name=image.size, user_id=10377784155861, resource_id=, timestamp=2014-04-14T12:00:00, resource_metadata={service=BS}, source=1:1, counter_unit=GB, counter_volume=0.777778, project_id=10335348806483, message_id=, counter_type=gauge}, {counter_name=image.size, user_id=10377784155861, resource_id=, timestamp=2014-05-02T12:00:00, resource_metadata={service=BS}, source=1:1, counter_unit=GB, counter_volume=1.6129, project_id=10335348806483, message_id=, counter_type=gauge}, {counter_name=image.size, user_id=10377784155861, resource_id=, timestamp=2014-05-03T12:00:00, resource_metadata={service=BS}, source=1:1, counter_unit=GB, counter_volume=2.58065, project_id=10335348806483, message_id=, counter_type=gauge}, {counter_name=image.size, user_id=10377784155861, resource_id=, timestamp=2014-05-04T12:00:00, resource_metadata={service=BS}, source=1:1, counter_unit=GB, counter_volume=2.25806, project_id=10335348806483, message_id=, counter_type=gauge}, {counter_name=image.size, user_id=10377784155861, resource_id=, timestamp=2014-05-05T12:00:00, resource_metadata={service=BS}, source=1:1, counter_unit=GB, counter_volume=2.15054, project_id=10335348806483, message_id=, counter_type=gauge}, {counter_name=image.size, user_id=10377784155861, resource_id=, timestamp=2014-05-06T12:00:00, resource_metadata={service=BS}, source=1:1, counter_unit=GB, counter_volume=2.58065, project_id=10335348806483, message_id=, counter_type=gauge}, {counter_name=image.size, user_id=10377784155861, resource_id=, timestamp=2014-05-07T12:00:00, resource_metadata={service=BS}, source=1:1, counter_unit=GB, counter_volume=2.58065, project_id=10335348806483, message_id=, counter_type=gauge}, {counter_name=image.size, user_id=10377784155861, resource_id=, timestamp=2014-05-08T12:00:00, resource_metadata={service=BS}, source=1:1, counter_unit=GB, counter_volume=2.58065, project_id=10335348806483, message_id=, counter_type=gauge}, {counter_name=image.size, user_id=10377784155861, resource_id=, timestamp=2014-05-09T12:00:00, resource_metadata={service=BS}, source=1:1, counter_unit=GB, counter_volume=2.58065, project_id=10335348806483, message_id=, counter_type=gauge}, {counter_name=image.size, user_id=10377784155861, resource_id=, timestamp=2014-05-10T12:00:00, resource_metadata={service=BS}, source=1:1, counter_unit=GB, counter_volume=2.58065, project_id=10335348806483, message_id=, counter_type=gauge}, {counter_name=image.size, user_id=10377784155861, resource_id=, timestamp=2014-05-11T12:00:00, resource_metadata={service=BS}, source=1:1, counter_unit=GB, counter_volume=2.15054, project_id=10335348806483, message_id=, counter_type=gauge}, {counter_name=image.size, user_id=10377784155861, resource_id=, timestamp=2014-06-04T12:00:00, resource_metadata={service=BS}, source=1:1, counter_unit=GB, counter_volume=0.111111, project_id=10335348806483, message_id=, counter_type=gauge}, {counter_name=image.size, user_id=10377784155861, resource_id=, timestamp=2014-06-05T12:00:00, resource_metadata={service=BS}, source=1:1, counter_unit=GB, counter_volume=2.44444, project_id=10335348806483, message_id=, counter_type=gauge}, {counter_name=image.size, user_id=10377784155861, resource_id=, timestamp=2014-06-06T12:00:00, resource_metadata={service=BS}, source=1:1, counter_unit=GB, counter_volume=2.66667, project_id=10335348806483, message_id=, counter_type=gauge}, {counter_name=image.size, user_id=10377784155861, resource_id=, timestamp=2014-06-07T12:00:00, resource_metadata={service=BS}, source=1:1, counter_unit=GB, counter_volume=2.66667, project_id=10335348806483, message_id=, counter_type=gauge}, {counter_name=image.size, user_id=10377784155861, resource_id=, timestamp=2014-06-08T12:00:00, resource_metadata={service=BS}, source=1:1, counter_unit=GB, counter_volume=2.66667, project_id=10335348806483, message_id=, counter_type=gauge}, {counter_name=image.size, user_id=10377784155861, resource_id=, timestamp=2014-06-09T12:00:00, resource_metadata={service=BS}, source=1:1, counter_unit=GB, counter_volume=0.777778, project_id=10335348806483, message_id=, counter_type=gauge}, {counter_name=image.size, user_id=10377784155861, resource_id=, timestamp=2014-06-10T12:00:00, resource_metadata={service=BS}, source=1:1, counter_unit=GB, counter_volume=1.88889, project_id=10335348806483, message_id=, counter_type=gauge}, {counter_name=image.size, user_id=10377784155861, resource_id=, timestamp=2014-06-11T12:00:00, resource_metadata={service=BS}, source=1:1, counter_unit=GB, counter_volume=2.66667, project_id=10335348806483, message_id=, counter_type=gauge}, {counter_name=image.size, user_id=10377784155861, resource_id=, timestamp=2014-06-12T12:00:00, resource_metadata={service=BS}, source=1:1, counter_unit=GB, counter_volume=2.66667, project_id=10335348806483, message_id=, counter_type=gauge}, {counter_name=image.size, user_id=10377784155861, resource_id=, timestamp=2014-06-13T12:00:00, resource_metadata={service=BS}, source=1:1, counter_unit=GB, counter_volume=2.66667, project_id=10335348806483, message_id=, counter_type=gauge}, {counter_name=image.size, user_id=10377784155861, resource_id=, timestamp=2014-06-14T12:00:00, resource_metadata={service=BS}, source=1:1, counter_unit=GB, counter_volume=2.66667, project_id=10335348806483, message_id=, counter_type=gauge}, {counter_name=image.size, user_id=10377784155861, resource_id=, timestamp=2014-06-15T12:00:00, resource_metadata={service=BS}, source=1:1, counter_unit=GB, counter_volume=2.66667, project_id=10335348806483, message_id=, counter_type=gauge}, {counter_name=image.size, user_id=10377784155861, resource_id=, timestamp=2014-06-16T12:00:00, resource_metadata={service=BS}, source=1:1, counter_unit=GB, counter_volume=2.66667, project_id=10335348806483, message_id=, counter_type=gauge}, {counter_name=image.size, user_id=10377784155861, resource_id=, timestamp=2014-06-17T12:00:00, resource_metadata={service=BS}, source=1:1, counter_unit=GB, counter_volume=2.66667, project_id=10335348806483, message_id=, counter_type=gauge}, {counter_name=image.size, user_id=10377784155861, resource_id=, timestamp=2014-06-18T12:00:00, resource_metadata={service=BS}, source=1:1, counter_unit=GB, counter_volume=2.66667, project_id=10335348806483, message_id=, counter_type=gauge}, {counter_name=image.size, user_id=10377784155861, resource_id=, timestamp=2014-06-19T12:00:00, resource_metadata={service=BS}, source=1:1, counter_unit=GB, counter_volume=2.66667, project_id=10335348806483, message_id=, counter_type=gauge}, {counter_name=image.size, user_id=10377784155861, resource_id=, timestamp=2014-06-20T12:00:00, resource_metadata={service=BS}, source=1:1, counter_unit=GB, counter_volume=2.66667, project_id=10335348806483, message_id=, counter_type=gauge}, {counter_name=image.size, user_id=10377784155861, resource_id=, timestamp=2014-06-21T12:00:00, resource_metadata={service=BS}, source=1:1, counter_unit=GB, counter_volume=2.66667, project_id=10335348806483, message_id=, counter_type=gauge}, {counter_name=image.size, user_id=10377784155861, resource_id=, timestamp=2014-06-22T12:00:00, resource_metadata={service=BS}, source=1:1, counter_unit=GB, counter_volume=2.66667, project_id=10335348806483, message_id=, counter_type=gauge}, {counter_name=image.size, user_id=10377784155861, resource_id=, timestamp=2014-06-23T12:00:00, resource_metadata={service=BS}, source=1:1, counter_unit=GB, counter_volume=2.66667, project_id=10335348806483, message_id=, counter_type=gauge}, {counter_name=image.size, user_id=10377784155861, resource_id=, timestamp=2014-06-24T12:00:00, resource_metadata={service=BS}, source=1:1, counter_unit=GB, counter_volume=2.66667, project_id=10335348806483, message_id=, counter_type=gauge}, {counter_name=image.size, user_id=10377784155861, resource_id=, timestamp=2014-06-25T12:00:00, resource_metadata={service=BS}, source=1:1, counter_unit=GB, counter_volume=2.66667, project_id=10335348806483, message_id=, counter_type=gauge}, {counter_name=image.size, user_id=10377784155861, resource_id=, timestamp=2014-06-26T12:00:00, resource_metadata={service=BS}, source=1:1, counter_unit=GB, counter_volume=2.66667, project_id=10335348806483, message_id=, counter_type=gauge}, {counter_name=image.size, user_id=10377784155861, resource_id=, timestamp=2014-06-27T12:00:00, resource_metadata={service=BS}, source=1:1, counter_unit=GB, counter_volume=2.66667, project_id=10335348806483, message_id=, counter_type=gauge}, {counter_name=image.size, user_id=10377784155861, resource_id=, timestamp=2014-06-28T12:00:00, resource_metadata={service=BS}, source=1:1, counter_unit=GB, counter_volume=2.66667, project_id=10335348806483, message_id=, counter_type=gauge}]
</system-out>
  </testcase>
</testsuite>