<?xml version="1.0" encoding="UTF-8"?>
<!-- Generated by org.testng.reporters.JUnitReportReporter -->
<testsuite hostname="REKHASU1" name="org.ceilometer.CeilometerTestAutomationSuite.MeterListFilterQueryByTimestamp_LE_Test" tests="2" failures="0" timestamp="2 Jul 2014 10:12:17 GMT" time="33.085" errors="0">
  <testcase name="timeStampFilterLessThanOrEqualToQueryResponseAllJSONfieldsExist" time="19.408" classname="org.ceilometer.CeilometerTestAutomationSuite.MeterListFilterQueryByTimestamp_LE_Test"/>
  <testcase name="timeStampFilterLessThanOrEqualToQueryResponseAssertion" time="13.677" classname="org.ceilometer.CeilometerTestAutomationSuite.MeterListFilterQueryByTimestamp_LE_Test"/>
</testsuite> <!-- org.ceilometer.CeilometerTestAutomationSuite.MeterListFilterQueryByTimestamp_LE_Test -->
