<?xml version="1.0" encoding="UTF-8"?>
<!-- Generated by org.testng.reporters.JUnitReportReporter -->
<testsuite hostname="REKHASU1" name="org.ceilometer.CeilometerTestAutomationSuite.MeterListFilterWithFields" tests="4" failures="0" timestamp="2 Jul 2014 10:12:17 GMT" time="23.217" errors="0">
  <testcase name="verifyMeterListFilterWithMeterIdAllJSONFieldsExist" time="11.303" classname="org.ceilometer.CeilometerTestAutomationSuite.MeterListFilterWithFields"/>
  <testcase name="verifyMeterListFilterWithMeterIdResponseCode" time="9.331" classname="org.ceilometer.CeilometerTestAutomationSuite.MeterListFilterWithFields"/>
  <testcase name="validateMeterListResponseJSONFields" time="0.998" classname="org.ceilometer.CeilometerTestAutomationSuite.MeterListFilterWithFields"/>
  <testcase name="meterListResponseJSONObjectsExist" time="1.585" classname="org.ceilometer.CeilometerTestAutomationSuite.MeterListFilterWithFields"/>
</testsuite> <!-- org.ceilometer.CeilometerTestAutomationSuite.MeterListFilterWithFields -->
