<?xml version="1.0" encoding="UTF-8"?>
<!-- Generated by org.testng.reporters.JUnitReportReporter -->
<testsuite hostname="REKHASU1" name="org.ceilometer.CeilometerTestAutomationSuite.MeterListFilterQueryByTimestamp_GE_Test" tests="2" failures="0" timestamp="30 Jun 2014 09:27:06 GMT" time="38.883" errors="0">
  <testcase name="timeStampFilterGreaterThanOrEqualToQueryResponseAssertion" time="15.361" classname="org.ceilometer.CeilometerTestAutomationSuite.MeterListFilterQueryByTimestamp_GE_Test"/>
  <testcase name="timeStampFilterGreaterThanOrEqualToQueryResponseAllJSONfieldsExist" time="23.522" classname="org.ceilometer.CeilometerTestAutomationSuite.MeterListFilterQueryByTimestamp_GE_Test"/>
</testsuite> <!-- org.ceilometer.CeilometerTestAutomationSuite.MeterListFilterQueryByTimestamp_GE_Test -->
