<?xml version="1.0" encoding="UTF-8"?>
<!-- Generated by org.testng.reporters.JUnitReportReporter -->
<testsuite hostname="REKHASU1" name="org.ceilometer.CeilometerTestAutomationSuite.FilterQueryByUserIDTest" tests="3" failures="0" timestamp="2 Jul 2014 10:12:17 GMT" time="39.930" errors="0">
  <testcase name="userIdFilterQueryVerifyuserIdValue" time="15.946" classname="org.ceilometer.CeilometerTestAutomationSuite.FilterQueryByUserIDTest"/>
  <testcase name="userIdFilterQueryResponseAllJSONfieldsExist" time="13.506" classname="org.ceilometer.CeilometerTestAutomationSuite.FilterQueryByUserIDTest"/>
  <testcase name="userIdFilterQueryResponseAssertionTest" time="10.478" classname="org.ceilometer.CeilometerTestAutomationSuite.FilterQueryByUserIDTest"/>
</testsuite> <!-- org.ceilometer.CeilometerTestAutomationSuite.FilterQueryByUserIDTest -->
