<?xml version="1.0" encoding="UTF-8"?>
<!-- Generated by org.testng.reporters.JUnitReportReporter -->
<testsuite hostname="REKHASU1" name="org.ceilometer.CeilometerTestAutomationSuite.MeterListFilterQuerybyServiceIDTest1" tests="3" failures="0" timestamp="30 Jun 2014 09:27:06 GMT" time="28.216" errors="0">
  <testcase name="serviceIdFilterQueryResponseVerifyserviceIdValue" time="8.841" classname="org.ceilometer.CeilometerTestAutomationSuite.MeterListFilterQuerybyServiceIDTest1"/>
  <testcase name="serviceIdFilterQueryResponseAllJSONfieldsExist" time="10.679" classname="org.ceilometer.CeilometerTestAutomationSuite.MeterListFilterQuerybyServiceIDTest1"/>
  <testcase name="serviceIdFilterQueryResponseAssertionTest" time="8.696" classname="org.ceilometer.CeilometerTestAutomationSuite.MeterListFilterQuerybyServiceIDTest1"/>
</testsuite> <!-- org.ceilometer.CeilometerTestAutomationSuite.MeterListFilterQuerybyServiceIDTest1 -->
