<?xml version="1.0" encoding="UTF-8"?>
<!-- Generated by org.testng.reporters.JUnitReportReporter -->
<testsuite hostname="REKHASU1" name="org.ceilometer.CeilometerTestAutomationSuite.MeterListTest" tests="2" failures="0" timestamp="2 Jul 2014 10:12:17 GMT" time="5.239" errors="0">
  <testcase name="invalidTokenGetMetersResponseCode" time="1.547" classname="org.ceilometer.CeilometerTestAutomationSuite.MeterListTest"/>
  <testcase name="verifyGetMetersResponseCode" time="3.692" classname="org.ceilometer.CeilometerTestAutomationSuite.MeterListTest"/>
</testsuite> <!-- org.ceilometer.CeilometerTestAutomationSuite.MeterListTest -->
