<?xml version="1.0" encoding="UTF-8"?>
<!-- Generated by org.testng.reporters.JUnitReportReporter -->
<testsuite hostname="REKHASU1" name="org.ceilometer.CeilometerTestAutomationSuite.MeterListFilterQueryByTimestamp_GT_Test" tests="2" failures="0" timestamp="2 Jul 2014 10:12:17 GMT" time="41.509" errors="0">
  <testcase name="timeStampFilterGreaterThanQueryResponseAllJSONfieldsExist" time="26.417" classname="org.ceilometer.CeilometerTestAutomationSuite.MeterListFilterQueryByTimestamp_GT_Test"/>
  <testcase name="timeStampFilterGreaterThanQueryResponseAssertion" time="15.092" classname="org.ceilometer.CeilometerTestAutomationSuite.MeterListFilterQueryByTimestamp_GT_Test"/>
</testsuite> <!-- org.ceilometer.CeilometerTestAutomationSuite.MeterListFilterQueryByTimestamp_GT_Test -->
