<?xml version="1.0" encoding="UTF-8"?>
<!-- Generated by org.testng.reporters.JUnitReportReporter -->
<testsuite hostname="REKHASU1" name="org.ceilometer.CeilometerTestAutomationSuite.MeterListFilterQueryByTimestamp_LT_Test" tests="2" failures="2" timestamp="2 Jul 2014 09:46:06 GMT" time="0.000" errors="0">
  <testcase name="timeStampFilterLessThanQueryResponseAllJSONfieldsExist" time="0.000" classname="org.ceilometer.CeilometerTestAutomationSuite.MeterListFilterQueryByTimestamp_LT_Test"/>
  <testcase name="timeStampFilterLessThanQueryResponseAssertion" time="0.000" classname="org.ceilometer.CeilometerTestAutomationSuite.MeterListFilterQueryByTimestamp_LT_Test"/>
</testsuite> <!-- org.ceilometer.CeilometerTestAutomationSuite.MeterListFilterQueryByTimestamp_LT_Test -->
