<?xml version="1.0" encoding="UTF-8"?>
<!-- Generated by org.testng.reporters.JUnitReportReporter -->
<testsuite hostname="REKHASU1" name="org.ceilometer.CeilometerTestAutomationSuite.MeterListFilterQueryByTimestamp_GE_Test" tests="2" failures="0" timestamp="2 Jul 2014 10:12:17 GMT" time="50.619" errors="0">
  <testcase name="timeStampFilterGreaterThanOrEqualToQueryResponseAssertion" time="19.443" classname="org.ceilometer.CeilometerTestAutomationSuite.MeterListFilterQueryByTimestamp_GE_Test"/>
  <testcase name="timeStampFilterGreaterThanOrEqualToQueryResponseAllJSONfieldsExist" time="31.176" classname="org.ceilometer.CeilometerTestAutomationSuite.MeterListFilterQueryByTimestamp_GE_Test"/>
</testsuite> <!-- org.ceilometer.CeilometerTestAutomationSuite.MeterListFilterQueryByTimestamp_GE_Test -->
