<?xml version="1.0" encoding="UTF-8"?>
<!-- Generated by org.testng.reporters.JUnitReportReporter -->
<testsuite hostname="REKHASU1" name="org.ceilometer.CeilometerTestAutomationSuite.FilterQueryProjectIDTest" tests="3" failures="0" timestamp="2 Jul 2014 10:12:17 GMT" time="32.339" errors="0">
  <testcase name="projectIdFilterQueryVerifyProjectIdValue" time="7.716" classname="org.ceilometer.CeilometerTestAutomationSuite.FilterQueryProjectIDTest"/>
  <testcase name="projectIdFilterQueryResponseAllJSONfieldsExist" time="11.140" classname="org.ceilometer.CeilometerTestAutomationSuite.FilterQueryProjectIDTest"/>
  <testcase name="projectIdFilterQueryTestResponseAssertionTest" time="13.483" classname="org.ceilometer.CeilometerTestAutomationSuite.FilterQueryProjectIDTest"/>
</testsuite> <!-- org.ceilometer.CeilometerTestAutomationSuite.FilterQueryProjectIDTest -->
