<?xml version="1.0" encoding="UTF-8"?>
<!-- Generated by org.testng.reporters.JUnitReportReporter -->
<testsuite hostname="REKHASU1" name="org.ceilometer.CeilometerTestAutomationSuite.MeterListFilterWithFieldsTest" tests="4" failures="0" timestamp="2 Jul 2014 10:12:17 GMT" time="23.750" errors="0">
  <testcase name="validateMeterListResponseJSONFields" time="0.973" classname="org.ceilometer.CeilometerTestAutomationSuite.MeterListFilterWithFieldsTest"/>
  <testcase name="meterListResponseJSONObjectsExist" time="1.824" classname="org.ceilometer.CeilometerTestAutomationSuite.MeterListFilterWithFieldsTest"/>
  <testcase name="verifyMeterListFilterWithMeterIdResponseCode" time="11.275" classname="org.ceilometer.CeilometerTestAutomationSuite.MeterListFilterWithFieldsTest"/>
  <testcase name="verifyMeterListFilterWithMeterIdAllJSONFieldsExist" time="9.678" classname="org.ceilometer.CeilometerTestAutomationSuite.MeterListFilterWithFieldsTest"/>
</testsuite> <!-- org.ceilometer.CeilometerTestAutomationSuite.MeterListFilterWithFieldsTest -->
