<?xml version="1.0" encoding="UTF-8"?>
<!-- Generated by org.testng.reporters.JUnitReportReporter -->
<testsuite hostname="REKHASU1" name="org.ceilometer.CeilometerTestAutomationSuite.MeterListWithMeterNameTest" tests="3" failures="3" timestamp="2 Jul 2014 09:46:06 GMT" time="0.002" errors="0">
  <testcase name="meterListWithMeterNameResponseAssertionTest" time="0.000" classname="org.ceilometer.CeilometerTestAutomationSuite.MeterListWithMeterNameTest"/>
  <testcase name="meterListWithMeterNameAllJSONFieldsExistTest" time="0.001" classname="org.ceilometer.CeilometerTestAutomationSuite.MeterListWithMeterNameTest"/>
  <testcase name="meterListWithMeterNameVerifyMeterNameTest" time="0.001" classname="org.ceilometer.CeilometerTestAutomationSuite.MeterListWithMeterNameTest"/>
</testsuite> <!-- org.ceilometer.CeilometerTestAutomationSuite.MeterListWithMeterNameTest -->
