<?xml version="1.0" encoding="UTF-8"?>
<!-- Generated by org.testng.reporters.JUnitReportReporter -->
<testsuite hostname="REKHASU1" name="org.ceilometer.CeilometerTestAutomationSuite.MeterListFilterQueryByTimestamp_EQ_Test" tests="2" failures="2" timestamp="2 Jul 2014 09:46:06 GMT" time="0.001" errors="0">
  <testcase name="timeStampFilterEqualsToQueryResponseAllJSONfieldsExist" time="0.001" classname="org.ceilometer.CeilometerTestAutomationSuite.MeterListFilterQueryByTimestamp_EQ_Test"/>
  <testcase name="timeStampFilterEqualsToQueryResponseAssertion" time="0.000" classname="org.ceilometer.CeilometerTestAutomationSuite.MeterListFilterQueryByTimestamp_EQ_Test"/>
</testsuite> <!-- org.ceilometer.CeilometerTestAutomationSuite.MeterListFilterQueryByTimestamp_EQ_Test -->
