<?xml version="1.0" encoding="UTF-8"?>
<!-- Generated by org.testng.reporters.JUnitReportReporter -->
<testsuite hostname="REKHASU1" name="org.ceilometer.CeilometerTestAutomationSuite.FilterQueryProjectIDTest" tests="3" failures="3" timestamp="2 Jul 2014 09:46:06 GMT" time="0.002" errors="0">
  <testcase name="projectIdFilterQueryTestResponseAssertionTest" time="0.000" classname="org.ceilometer.CeilometerTestAutomationSuite.FilterQueryProjectIDTest"/>
  <testcase name="projectIdFilterQueryVerifyProjectIdValue" time="0.001" classname="org.ceilometer.CeilometerTestAutomationSuite.FilterQueryProjectIDTest"/>
  <testcase name="projectIdFilterQueryResponseAllJSONfieldsExist" time="0.001" classname="org.ceilometer.CeilometerTestAutomationSuite.FilterQueryProjectIDTest"/>
</testsuite> <!-- org.ceilometer.CeilometerTestAutomationSuite.FilterQueryProjectIDTest -->
