<?xml version="1.0" encoding="UTF-8"?>
<!-- Generated by org.testng.reporters.JUnitReportReporter -->
<testsuite hostname="REKHASU1" name="org.ceilometer.CeilometerTestAutomationSuite.MeterListValidatorTest" tests="2" failures="0" timestamp="2 Jul 2014 10:12:17 GMT" time="2.661" errors="0">
  <testcase name="validateMeterListResponseJSONFields" time="0.991" classname="org.ceilometer.CeilometerTestAutomationSuite.MeterListValidatorTest"/>
  <testcase name="meterListResponseJSONObjectsExist" time="1.670" classname="org.ceilometer.CeilometerTestAutomationSuite.MeterListValidatorTest"/>
</testsuite> <!-- org.ceilometer.CeilometerTestAutomationSuite.MeterListValidatorTest -->
