<?xml version="1.0" encoding="UTF-8"?>
<!-- Generated by org.testng.reporters.JUnitReportReporter -->
<testsuite hostname="REKHASU1" name="org.ceilometer.CeilometerTestAutomationSuite.MeterListTest1" tests="2" failures="0" timestamp="2 Jul 2014 10:12:17 GMT" time="3.480" errors="0">
  <testcase name="verifyGetMetersResponseCode" time="2.439" classname="org.ceilometer.CeilometerTestAutomationSuite.MeterListTest1"/>
  <testcase name="invalidTokenGetMetersResponseCode" time="1.041" classname="org.ceilometer.CeilometerTestAutomationSuite.MeterListTest1"/>
</testsuite> <!-- org.ceilometer.CeilometerTestAutomationSuite.MeterListTest1 -->
