<?xml version="1.0" encoding="UTF-8"?>
<!-- Generated by org.testng.reporters.JUnitReportReporter -->
<testsuite hostname="REKHASU1" name="org.ceilometer.CeilometerTestAutomationSuite.FilterQueryProjectIDTest" tests="3" failures="0" timestamp="30 Jun 2014 09:27:06 GMT" time="26.202" errors="0">
  <testcase name="projectIdFilterQueryResponseAllJSONfieldsExist" time="8.617" classname="org.ceilometer.CeilometerTestAutomationSuite.FilterQueryProjectIDTest"/>
  <testcase name="projectIdFilterQueryVerifyProjectIdValue" time="8.504" classname="org.ceilometer.CeilometerTestAutomationSuite.FilterQueryProjectIDTest"/>
  <testcase name="projectIdFilterQueryTestResponseAssertionTest" time="9.081" classname="org.ceilometer.CeilometerTestAutomationSuite.FilterQueryProjectIDTest"/>
</testsuite> <!-- org.ceilometer.CeilometerTestAutomationSuite.FilterQueryProjectIDTest -->
