<?xml version="1.0" encoding="UTF-8"?>
<!-- Generated by org.testng.reporters.JUnitReportReporter -->
<testsuite hostname="REKHASU1" name="org.ceilometer.CeilometerTestAutomationSuite.MeterListFilterWithFieldsTest" tests="4" failures="0" timestamp="30 Jun 2014 09:27:06 GMT" time="23.849" errors="0">
  <testcase name="verifyMeterListFilterWithMeterIdResponseCode" time="13.094" classname="org.ceilometer.CeilometerTestAutomationSuite.MeterListFilterWithFieldsTest"/>
  <testcase name="meterListResponseJSONObjectsExist" time="1.566" classname="org.ceilometer.CeilometerTestAutomationSuite.MeterListFilterWithFieldsTest"/>
  <testcase name="verifyMeterListFilterWithMeterIdAllJSONFieldsExist" time="8.284" classname="org.ceilometer.CeilometerTestAutomationSuite.MeterListFilterWithFieldsTest"/>
  <testcase name="validateMeterListResponseJSONFields" time="0.905" classname="org.ceilometer.CeilometerTestAutomationSuite.MeterListFilterWithFieldsTest"/>
</testsuite> <!-- org.ceilometer.CeilometerTestAutomationSuite.MeterListFilterWithFieldsTest -->
