<?xml version="1.0" encoding="UTF-8"?>
<!-- Generated by org.testng.reporters.JUnitReportReporter -->
<testsuite hostname="REKHASU1" name="org.ceilometer.CeilometerTestAutomationSuite.MeterListTest" tests="2" failures="0" timestamp="30 Jun 2014 09:27:06 GMT" time="3.639" errors="0">
  <testcase name="verifyGetMetersResponseCode" time="2.311" classname="org.ceilometer.CeilometerTestAutomationSuite.MeterListTest"/>
  <testcase name="invalidTokenGetMetersResponseCode" time="1.328" classname="org.ceilometer.CeilometerTestAutomationSuite.MeterListTest"/>
</testsuite> <!-- org.ceilometer.CeilometerTestAutomationSuite.MeterListTest -->
