<?xml version="1.0" encoding="UTF-8"?>
<!-- Generated by org.testng.reporters.JUnitReportReporter -->
<testsuite hostname="REKHASU1" name="org.ceilometer.CeilometerTestAutomationSuite.MeterListFilterQuerybyServiceIDTest1" tests="3" failures="3" timestamp="2 Jul 2014 09:46:06 GMT" time="0.000" errors="0">
  <testcase name="serviceIdFilterQueryResponseAssertionTest" time="0.000" classname="org.ceilometer.CeilometerTestAutomationSuite.MeterListFilterQuerybyServiceIDTest1"/>
  <testcase name="serviceIdFilterQueryResponseVerifyserviceIdValue" time="0.000" classname="org.ceilometer.CeilometerTestAutomationSuite.MeterListFilterQuerybyServiceIDTest1"/>
  <testcase name="serviceIdFilterQueryResponseAllJSONfieldsExist" time="0.000" classname="org.ceilometer.CeilometerTestAutomationSuite.MeterListFilterQuerybyServiceIDTest1"/>
</testsuite> <!-- org.ceilometer.CeilometerTestAutomationSuite.MeterListFilterQuerybyServiceIDTest1 -->
