<?xml version="1.0" encoding="UTF-8"?>
<!-- Generated by org.testng.reporters.JUnitReportReporter -->
<testsuite hostname="REKHASU1" name="org.ceilometer.CeilometerTestAutomationSuite.MeterListTest1" tests="2" failures="1" timestamp="2 Jul 2014 09:46:06 GMT" time="1.181" errors="0">
  <testcase name="verifyGetMetersResponseCode" time="0.000" classname="org.ceilometer.CeilometerTestAutomationSuite.MeterListTest1"/>
  <testcase name="invalidTokenGetMetersResponseCode" time="1.181" classname="org.ceilometer.CeilometerTestAutomationSuite.MeterListTest1"/>
</testsuite> <!-- org.ceilometer.CeilometerTestAutomationSuite.MeterListTest1 -->
