<?xml version="1.0" encoding="UTF-8"?>
<!-- Generated by org.testng.reporters.JUnitReportReporter -->
<testsuite hostname="REKHASU1" name="org.ceilometer.CeilometerTestAutomationSuite.MeterListFilterQueryByTimestamp_GT_Test" tests="2" failures="0" timestamp="30 Jun 2014 09:27:06 GMT" time="52.969" errors="0">
  <testcase name="timeStampFilterGreaterThanQueryResponseAssertion" time="16.862" classname="org.ceilometer.CeilometerTestAutomationSuite.MeterListFilterQueryByTimestamp_GT_Test"/>
  <testcase name="timeStampFilterGreaterThanQueryResponseAllJSONfieldsExist" time="36.107" classname="org.ceilometer.CeilometerTestAutomationSuite.MeterListFilterQueryByTimestamp_GT_Test"/>
</testsuite> <!-- org.ceilometer.CeilometerTestAutomationSuite.MeterListFilterQueryByTimestamp_GT_Test -->
