<?xml version="1.0" encoding="UTF-8"?>
<!-- Generated by org.testng.reporters.JUnitReportReporter -->
<testsuite hostname="REKHASU1" name="org.ceilometer.CeilometerTestAutomationSuite.MeterListFilterQuerybyServiceIDTest1" tests="3" failures="0" timestamp="2 Jul 2014 10:12:17 GMT" time="33.856" errors="0">
  <testcase name="serviceIdFilterQueryResponseAssertionTest" time="10.101" classname="org.ceilometer.CeilometerTestAutomationSuite.MeterListFilterQuerybyServiceIDTest1"/>
  <testcase name="serviceIdFilterQueryResponseVerifyserviceIdValue" time="13.559" classname="org.ceilometer.CeilometerTestAutomationSuite.MeterListFilterQuerybyServiceIDTest1"/>
  <testcase name="serviceIdFilterQueryResponseAllJSONfieldsExist" time="10.196" classname="org.ceilometer.CeilometerTestAutomationSuite.MeterListFilterQuerybyServiceIDTest1"/>
</testsuite> <!-- org.ceilometer.CeilometerTestAutomationSuite.MeterListFilterQuerybyServiceIDTest1 -->
