<?xml version="1.0" encoding="UTF-8"?>
<!-- Generated by org.testng.reporters.JUnitReportReporter -->
<testsuite hostname="REKHASU1" name="org.ceilometer.CeilometerTestAutomationSuite.FilterQueryByUserIDTest" tests="3" failures="3" timestamp="2 Jul 2014 09:46:06 GMT" time="0.001" errors="0">
  <testcase name="userIdFilterQueryResponseAssertionTest" time="0.000" classname="org.ceilometer.CeilometerTestAutomationSuite.FilterQueryByUserIDTest"/>
  <testcase name="userIdFilterQueryResponseAllJSONfieldsExist" time="0.001" classname="org.ceilometer.CeilometerTestAutomationSuite.FilterQueryByUserIDTest"/>
  <testcase name="userIdFilterQueryVerifyuserIdValue" time="0.000" classname="org.ceilometer.CeilometerTestAutomationSuite.FilterQueryByUserIDTest"/>
</testsuite> <!-- org.ceilometer.CeilometerTestAutomationSuite.FilterQueryByUserIDTest -->
