<?xml version="1.0" encoding="UTF-8"?>
<!-- Generated by org.testng.reporters.JUnitReportReporter -->
<testsuite hostname="REKHASU1" name="org.ceilometer.CeilometerTestAutomationSuite.MeterListFilterQueryByTimestamp_LT_Test" tests="2" failures="0" timestamp="30 Jun 2014 09:27:06 GMT" time="34.302" errors="0">
  <testcase name="timeStampFilterLessThanQueryResponseAllJSONfieldsExist" time="18.773" classname="org.ceilometer.CeilometerTestAutomationSuite.MeterListFilterQueryByTimestamp_LT_Test"/>
  <testcase name="timeStampFilterLessThanQueryResponseAssertion" time="15.529" classname="org.ceilometer.CeilometerTestAutomationSuite.MeterListFilterQueryByTimestamp_LT_Test"/>
</testsuite> <!-- org.ceilometer.CeilometerTestAutomationSuite.MeterListFilterQueryByTimestamp_LT_Test -->
