<?xml version="1.0" encoding="UTF-8"?>
<!-- Generated by org.testng.reporters.JUnitReportReporter -->
<testsuite hostname="REKHASU1" name="org.ceilometer.CeilometerTestAutomationSuite.MeterListValidatorTest" tests="2" failures="0" timestamp="30 Jun 2014 09:27:06 GMT" time="3.195" errors="0">
  <testcase name="validateMeterListResponseJSONFields" time="1.008" classname="org.ceilometer.CeilometerTestAutomationSuite.MeterListValidatorTest"/>
  <testcase name="meterListResponseJSONObjectsExist" time="2.187" classname="org.ceilometer.CeilometerTestAutomationSuite.MeterListValidatorTest"/>
</testsuite> <!-- org.ceilometer.CeilometerTestAutomationSuite.MeterListValidatorTest -->
