<?xml version="1.0" encoding="UTF-8"?>
<!-- Generated by org.testng.reporters.JUnitReportReporter -->
<testsuite hostname="REKHASU1" name="org.ceilometer.CeilometerTestAutomationSuite.FilterQueryByUserIDTest" tests="3" failures="0" timestamp="30 Jun 2014 09:27:06 GMT" time="30.532" errors="0">
  <testcase name="userIdFilterQueryVerifyuserIdValue" time="7.453" classname="org.ceilometer.CeilometerTestAutomationSuite.FilterQueryByUserIDTest"/>
  <testcase name="userIdFilterQueryResponseAllJSONfieldsExist" time="9.369" classname="org.ceilometer.CeilometerTestAutomationSuite.FilterQueryByUserIDTest"/>
  <testcase name="userIdFilterQueryResponseAssertionTest" time="13.710" classname="org.ceilometer.CeilometerTestAutomationSuite.FilterQueryByUserIDTest"/>
</testsuite> <!-- org.ceilometer.CeilometerTestAutomationSuite.FilterQueryByUserIDTest -->
