<?xml version="1.0" encoding="UTF-8"?>
<!-- Generated by org.testng.reporters.JUnitReportReporter -->
<testsuite hostname="REKHASU1" name="org.ceilometer.CeilometerTestAutomationSuite.MeterListFilterQueryByTimestamp_LE_Test" tests="2" failures="0" timestamp="30 Jun 2014 09:27:06 GMT" time="39.211" errors="0">
  <testcase name="timeStampFilterLessThanOrEqualToQueryResponseAllJSONfieldsExist" time="20.908" classname="org.ceilometer.CeilometerTestAutomationSuite.MeterListFilterQueryByTimestamp_LE_Test"/>
  <testcase name="timeStampFilterLessThanOrEqualToQueryResponseAssertion" time="18.303" classname="org.ceilometer.CeilometerTestAutomationSuite.MeterListFilterQueryByTimestamp_LE_Test"/>
</testsuite> <!-- org.ceilometer.CeilometerTestAutomationSuite.MeterListFilterQueryByTimestamp_LE_Test -->
